{"/home/travis/build/npmtest/node-npmtest-kafka-node/test.js":{"path":"/home/travis/build/npmtest/node-npmtest-kafka-node/test.js","s":{"1":2,"2":2,"3":2,"4":2,"5":2,"6":2,"7":2,"8":1,"9":2,"10":2,"11":1,"12":1,"13":1,"14":1,"15":2,"16":2,"17":2,"18":2,"19":1,"20":1,"21":2,"22":2,"23":2,"24":1,"25":1,"26":1,"27":1,"28":1,"29":1,"30":1,"31":1,"32":1,"33":1,"34":1,"35":1,"36":1,"37":2,"38":2,"39":1,"40":2,"41":2,"42":1,"43":2,"44":2,"45":1,"46":2,"47":2,"48":1,"49":1,"50":1,"51":1,"52":1},"b":{"1":[2,1,1,1],"2":[1,1,1,1],"3":[1,1],"4":[1,1],"5":[1,1],"6":[1,1],"7":[1,1],"8":[1,1],"9":[1,1,1],"10":[1,1],"11":[1,1],"12":[1,1],"13":[1,1],"14":[1,1],"15":[1,1],"16":[1,1]},"f":{"1":2,"2":2,"3":2,"4":2,"5":2,"6":1,"7":1,"8":2,"9":2,"10":2,"11":2,"12":1},"fnMap":{"1":{"name":"(anonymous_1)","line":12,"loc":{"start":{"line":12,"column":1},"end":{"line":12,"column":13}}},"2":{"name":"(anonymous_2)","line":19,"loc":{"start":{"line":19,"column":5},"end":{"line":19,"column":17}}},"3":{"name":"(anonymous_3)","line":23,"loc":{"start":{"line":23,"column":24},"end":{"line":23,"column":36}}},"4":{"name":"(anonymous_4)","line":61,"loc":{"start":{"line":61,"column":5},"end":{"line":61,"column":17}}},"5":{"name":"(anonymous_5)","line":82,"loc":{"start":{"line":82,"column":5},"end":{"line":82,"column":17}}},"6":{"name":"(anonymous_6)","line":102,"loc":{"start":{"line":102,"column":83},"end":{"line":105,"column":10}},"skip":true},"7":{"name":"(anonymous_7)","line":113,"loc":{"start":{"line":113,"column":77},"end":{"line":116,"column":10}},"skip":true},"8":{"name":"(anonymous_8)","line":129,"loc":{"start":{"line":129,"column":12},"end":{"line":129,"column":40}},"skip":true},"9":{"name":"(anonymous_9)","line":137,"loc":{"start":{"line":137,"column":77},"end":{"line":140,"column":10}},"skip":true},"10":{"name":"(anonymous_10)","line":148,"loc":{"start":{"line":148,"column":83},"end":{"line":151,"column":10}},"skip":true},"11":{"name":"(anonymous_11)","line":159,"loc":{"start":{"line":159,"column":79},"end":{"line":162,"column":10}},"skip":true},"12":{"name":"(anonymous_12)","line":170,"loc":{"start":{"line":170,"column":75},"end":{"line":173,"column":10}},"skip":true}},"statementMap":{"1":{"start":{"line":12,"column":0},"end":{"line":185,"column":5}},"2":{"start":{"line":14,"column":4},"end":{"line":14,"column":14}},"3":{"start":{"line":19,"column":4},"end":{"line":56,"column":9}},"4":{"start":{"line":21,"column":8},"end":{"line":21,"column":19}},"5":{"start":{"line":23,"column":8},"end":{"line":35,"column":13}},"6":{"start":{"line":24,"column":12},"end":{"line":34,"column":13}},"7":{"start":{"line":25,"column":16},"end":{"line":28,"column":30}},"8":{"start":{"line":30,"column":16},"end":{"line":33,"column":27}},"9":{"start":{"line":37,"column":8},"end":{"line":39,"column":21}},"10":{"start":{"line":40,"column":8},"end":{"line":53,"column":9}},"11":{"start":{"line":43,"column":12},"end":{"line":46,"column":14}},"12":{"start":{"line":47,"column":12},"end":{"line":47,"column":18}},"13":{"start":{"line":50,"column":12},"end":{"line":51,"column":46}},"14":{"start":{"line":52,"column":12},"end":{"line":52,"column":18}},"15":{"start":{"line":55,"column":8},"end":{"line":55,"column":35}},"16":{"start":{"line":61,"column":4},"end":{"line":63,"column":9}},"17":{"start":{"line":62,"column":8},"end":{"line":62,"column":15}},"18":{"start":{"line":64,"column":4},"end":{"line":77,"column":5}},"19":{"start":{"line":70,"column":8},"end":{"line":70,"column":14}},"20":{"start":{"line":76,"column":8},"end":{"line":76,"column":14}},"21":{"start":{"line":82,"column":4},"end":{"line":84,"column":9}},"22":{"start":{"line":83,"column":8},"end":{"line":83,"column":15}},"23":{"start":{"line":85,"column":4},"end":{"line":184,"column":5}},"24":{"start":{"line":92,"column":8},"end":{"line":94,"column":63}},"25":{"start":{"line":95,"column":8},"end":{"line":95,"column":14}},"26":{"start":{"line":102,"column":8},"end":{"line":111,"column":10},"skip":true},"27":{"start":{"line":109,"column":12},"end":{"line":109,"column":55},"skip":true},"28":{"start":{"line":110,"column":12},"end":{"line":110,"column":48},"skip":true},"29":{"start":{"line":113,"column":8},"end":{"line":126,"column":10},"skip":true},"30":{"start":{"line":120,"column":12},"end":{"line":120,"column":76},"skip":true},"31":{"start":{"line":121,"column":12},"end":{"line":121,"column":73},"skip":true},"32":{"start":{"line":122,"column":12},"end":{"line":122,"column":74},"skip":true},"33":{"start":{"line":123,"column":12},"end":{"line":123,"column":79},"skip":true},"34":{"start":{"line":124,"column":12},"end":{"line":124,"column":25},"skip":true},"35":{"start":{"line":125,"column":12},"end":{"line":125,"column":45},"skip":true},"36":{"start":{"line":128,"column":8},"end":{"line":135,"column":14},"skip":true},"37":{"start":{"line":133,"column":16},"end":{"line":133,"column":29},"skip":true},"38":{"start":{"line":134,"column":16},"end":{"line":134,"column":55},"skip":true},"39":{"start":{"line":137,"column":8},"end":{"line":146,"column":10},"skip":true},"40":{"start":{"line":144,"column":12},"end":{"line":144,"column":25},"skip":true},"41":{"start":{"line":145,"column":12},"end":{"line":145,"column":45},"skip":true},"42":{"start":{"line":148,"column":8},"end":{"line":157,"column":10},"skip":true},"43":{"start":{"line":155,"column":12},"end":{"line":155,"column":25},"skip":true},"44":{"start":{"line":156,"column":12},"end":{"line":156,"column":48},"skip":true},"45":{"start":{"line":159,"column":8},"end":{"line":168,"column":10},"skip":true},"46":{"start":{"line":166,"column":12},"end":{"line":166,"column":25},"skip":true},"47":{"start":{"line":167,"column":12},"end":{"line":167,"column":46},"skip":true},"48":{"start":{"line":170,"column":8},"end":{"line":179,"column":10},"skip":true},"49":{"start":{"line":177,"column":12},"end":{"line":177,"column":94},"skip":true},"50":{"start":{"line":178,"column":12},"end":{"line":178,"column":48},"skip":true},"51":{"start":{"line":182,"column":8},"end":{"line":182,"column":35},"skip":true},"52":{"start":{"line":183,"column":8},"end":{"line":183,"column":14},"skip":true}},"branchMap":{"1":{"line":25,"type":"binary-expr","locations":[{"start":{"line":25,"column":23},"end":{"line":25,"column":62}},{"start":{"line":26,"column":20},"end":{"line":26,"column":70}},{"start":{"line":27,"column":20},"end":{"line":27,"column":71}},{"start":{"line":28,"column":20},"end":{"line":28,"column":29}}]},"2":{"line":30,"type":"binary-expr","locations":[{"start":{"line":30,"column":23},"end":{"line":30,"column":37}},{"start":{"line":31,"column":20},"end":{"line":31,"column":61}},{"start":{"line":32,"column":20},"end":{"line":32,"column":70}},{"start":{"line":33,"column":20},"end":{"line":33,"column":26}}]},"3":{"line":37,"type":"cond-expr","locations":[{"start":{"line":38,"column":14},"end":{"line":38,"column":20}},{"start":{"line":39,"column":14},"end":{"line":39,"column":20}}]},"4":{"line":40,"type":"switch","locations":[{"start":{"line":42,"column":8},"end":{"line":47,"column":18}},{"start":{"line":49,"column":8},"end":{"line":52,"column":18}}]},"5":{"line":44,"type":"binary-expr","locations":[{"start":{"line":44,"column":16},"end":{"line":44,"column":44}},{"start":{"line":44,"column":48},"end":{"line":44,"column":66}}]},"6":{"line":50,"type":"binary-expr","locations":[{"start":{"line":50,"column":21},"end":{"line":50,"column":49}},{"start":{"line":50,"column":53},"end":{"line":50,"column":72}}]},"7":{"line":64,"type":"switch","locations":[{"start":{"line":69,"column":4},"end":{"line":70,"column":14}},{"start":{"line":75,"column":4},"end":{"line":76,"column":14}}]},"8":{"line":85,"type":"switch","locations":[{"start":{"line":90,"column":4},"end":{"line":95,"column":14}},{"start":{"line":101,"column":4},"end":{"line":183,"column":14},"skip":true}]},"9":{"line":92,"type":"binary-expr","locations":[{"start":{"line":92,"column":18},"end":{"line":92,"column":32}},{"start":{"line":93,"column":12},"end":{"line":93,"column":53}},{"start":{"line":94,"column":12},"end":{"line":94,"column":61}}]},"10":{"line":102,"type":"binary-expr","locations":[{"start":{"line":102,"column":45},"end":{"line":102,"column":79},"skip":true},{"start":{"line":102,"column":83},"end":{"line":111,"column":9},"skip":true}]},"11":{"line":113,"type":"binary-expr","locations":[{"start":{"line":113,"column":42},"end":{"line":113,"column":73},"skip":true},{"start":{"line":113,"column":77},"end":{"line":126,"column":9},"skip":true}]},"12":{"line":128,"type":"binary-expr","locations":[{"start":{"line":128,"column":48},"end":{"line":128,"column":85},"skip":true},{"start":{"line":129,"column":12},"end":{"line":135,"column":13},"skip":true}]},"13":{"line":137,"type":"binary-expr","locations":[{"start":{"line":137,"column":42},"end":{"line":137,"column":73},"skip":true},{"start":{"line":137,"column":77},"end":{"line":146,"column":9},"skip":true}]},"14":{"line":148,"type":"binary-expr","locations":[{"start":{"line":148,"column":45},"end":{"line":148,"column":79},"skip":true},{"start":{"line":148,"column":83},"end":{"line":157,"column":9},"skip":true}]},"15":{"line":159,"type":"binary-expr","locations":[{"start":{"line":159,"column":43},"end":{"line":159,"column":75},"skip":true},{"start":{"line":159,"column":79},"end":{"line":168,"column":9},"skip":true}]},"16":{"line":170,"type":"binary-expr","locations":[{"start":{"line":170,"column":41},"end":{"line":170,"column":71},"skip":true},{"start":{"line":170,"column":75},"end":{"line":179,"column":9},"skip":true}]}},"code":["/* istanbul instrument in package npmtest_kafka_node */","/*jslint","    bitwise: true,","    browser: true,","    maxerr: 8,","    maxlen: 96,","    node: true,","    nomen: true,","    regexp: true,","    stupid: true","*/","(function () {","    'use strict';","    var local;","","","","    // run shared js-env code - pre-init","    (function () {","        // init local","        local = {};","        // init modeJs","        local.modeJs = (function () {","            try {","                return typeof navigator.userAgent === 'string' &&","                    typeof document.querySelector('body') === 'object' &&","                    typeof XMLHttpRequest.prototype.open === 'function' &&","                    'browser';","            } catch (errorCaughtBrowser) {","                return module.exports &&","                    typeof process.versions.node === 'string' &&","                    typeof require('http').createServer === 'function' &&","                    'node';","            }","        }());","        // init global","        local.global = local.modeJs === 'browser'","            ? window","            : global;","        switch (local.modeJs) {","        // re-init local from window.local","        case 'browser':","            local = local.global.utility2.objectSetDefault(","                local.global.utility2_rollup || local.global.local,","                local.global.utility2","            );","            break;","        // re-init local from example.js","        case 'node':","            local = (local.global.utility2_rollup || require('utility2'))","                .requireExampleJsFromReadme();","            break;","        }","        // export local","        local.global.local = local;","    }());","","","","    // run shared js-env code - function","    (function () {","        return;","    }());","    switch (local.modeJs) {","","","","    // run browser js-env code - function","    case 'browser':","        break;","","","","    // run node js-env code - function","    case 'node':","        break;","    }","","","","    // run shared js-env code - post-init","    (function () {","        return;","    }());","    switch (local.modeJs) {","","","","    // run browser js-env code - post-init","    case 'browser':","        // run tests","        local.nop(local.modeTest &&","            document.querySelector('#testRunButton1') &&","            document.querySelector('#testRunButton1').click());","        break;","","","","    // run node js-env code - post-init","    /* istanbul ignore next */","    case 'node':","        local.testCase_buildApidoc_default = local.testCase_buildApidoc_default || function (","            options,","            onError","        ) {","        /*","         * this function will test buildApidoc's default handling-behavior-behavior","         */","            options = { modulePathList: module.paths };","            local.buildApidoc(options, onError);","        };","","        local.testCase_buildApp_default = local.testCase_buildApp_default || function (","            options,","            onError","        ) {","        /*","         * this function will test buildApp's default handling-behavior-behavior","         */","            local.testCase_buildReadme_default(options, local.onErrorThrow);","            local.testCase_buildLib_default(options, local.onErrorThrow);","            local.testCase_buildTest_default(options, local.onErrorThrow);","            local.testCase_buildCustomOrg_default(options, local.onErrorThrow);","            options = [];","            local.buildApp(options, onError);","        };","","        local.testCase_buildCustomOrg_default = local.testCase_buildCustomOrg_default ||","            function (options, onError) {","            /*","             * this function will test buildCustomOrg's default handling-behavior","             */","                options = {};","                local.buildCustomOrg(options, onError);","            };","","        local.testCase_buildLib_default = local.testCase_buildLib_default || function (","            options,","            onError","        ) {","        /*","         * this function will test buildLib's default handling-behavior","         */","            options = {};","            local.buildLib(options, onError);","        };","","        local.testCase_buildReadme_default = local.testCase_buildReadme_default || function (","            options,","            onError","        ) {","        /*","         * this function will test buildReadme's default handling-behavior-behavior","         */","            options = {};","            local.buildReadme(options, onError);","        };","","        local.testCase_buildTest_default = local.testCase_buildTest_default || function (","            options,","            onError","        ) {","        /*","         * this function will test buildTest's default handling-behavior","         */","            options = {};","            local.buildTest(options, onError);","        };","","        local.testCase_webpage_default = local.testCase_webpage_default || function (","            options,","            onError","        ) {","        /*","         * this function will test webpage's default handling-behavior","         */","            options = { modeCoverageMerge: true, url: local.serverLocalHost + '?modeTest=1' };","            local.browserTest(options, onError);","        };","","        // run test-server","        local.testRunServer(local);","        break;","    }","}());",""],"l":{"12":2,"14":2,"19":2,"21":2,"23":2,"24":2,"25":2,"30":1,"37":2,"40":2,"43":1,"47":1,"50":1,"52":1,"55":2,"61":2,"62":2,"64":2,"70":1,"76":1,"82":2,"83":2,"85":2,"92":1,"95":1,"102":1,"109":1,"110":1,"113":1,"120":1,"121":1,"122":1,"123":1,"124":1,"125":1,"128":1,"133":2,"134":2,"137":1,"144":2,"145":2,"148":1,"155":2,"156":2,"159":1,"166":2,"167":2,"170":1,"177":1,"178":1,"182":1,"183":1}},"/home/travis/build/npmtest/node-npmtest-kafka-node/lib.npmtest_kafka_node.js":{"path":"/home/travis/build/npmtest/node-npmtest-kafka-node/lib.npmtest_kafka_node.js","s":{"1":2,"2":2,"3":2,"4":2,"5":2,"6":2,"7":2,"8":1,"9":2,"10":2,"11":2,"12":2,"13":1,"14":1,"15":1,"16":1},"b":{"1":[2,1,1,1],"2":[1,1,1,1],"3":[1,1],"4":[2,2],"5":[1,1]},"f":{"1":2,"2":2,"3":2},"fnMap":{"1":{"name":"(anonymous_1)","line":12,"loc":{"start":{"line":12,"column":1},"end":{"line":12,"column":13}}},"2":{"name":"(anonymous_2)","line":19,"loc":{"start":{"line":19,"column":5},"end":{"line":19,"column":17}}},"3":{"name":"(anonymous_3)","line":23,"loc":{"start":{"line":23,"column":24},"end":{"line":23,"column":36}}}},"statementMap":{"1":{"start":{"line":12,"column":0},"end":{"line":53,"column":5}},"2":{"start":{"line":14,"column":4},"end":{"line":14,"column":14}},"3":{"start":{"line":19,"column":4},"end":{"line":52,"column":9}},"4":{"start":{"line":21,"column":8},"end":{"line":21,"column":19}},"5":{"start":{"line":23,"column":8},"end":{"line":35,"column":13}},"6":{"start":{"line":24,"column":12},"end":{"line":34,"column":13}},"7":{"start":{"line":25,"column":16},"end":{"line":28,"column":30}},"8":{"start":{"line":30,"column":16},"end":{"line":33,"column":27}},"9":{"start":{"line":37,"column":8},"end":{"line":39,"column":21}},"10":{"start":{"line":41,"column":8},"end":{"line":41,"column":54}},"11":{"start":{"line":43,"column":8},"end":{"line":43,"column":55}},"12":{"start":{"line":45,"column":8},"end":{"line":51,"column":9}},"13":{"start":{"line":46,"column":12},"end":{"line":46,"column":61}},"14":{"start":{"line":48,"column":12},"end":{"line":48,"column":35}},"15":{"start":{"line":49,"column":12},"end":{"line":49,"column":49}},"16":{"start":{"line":50,"column":12},"end":{"line":50,"column":43}}},"branchMap":{"1":{"line":25,"type":"binary-expr","locations":[{"start":{"line":25,"column":23},"end":{"line":25,"column":62}},{"start":{"line":26,"column":20},"end":{"line":26,"column":70}},{"start":{"line":27,"column":20},"end":{"line":27,"column":71}},{"start":{"line":28,"column":20},"end":{"line":28,"column":29}}]},"2":{"line":30,"type":"binary-expr","locations":[{"start":{"line":30,"column":23},"end":{"line":30,"column":37}},{"start":{"line":31,"column":20},"end":{"line":31,"column":61}},{"start":{"line":32,"column":20},"end":{"line":32,"column":70}},{"start":{"line":33,"column":20},"end":{"line":33,"column":26}}]},"3":{"line":37,"type":"cond-expr","locations":[{"start":{"line":38,"column":14},"end":{"line":38,"column":20}},{"start":{"line":39,"column":14},"end":{"line":39,"column":20}}]},"4":{"line":41,"type":"binary-expr","locations":[{"start":{"line":41,"column":16},"end":{"line":41,"column":44}},{"start":{"line":41,"column":48},"end":{"line":41,"column":53}}]},"5":{"line":45,"type":"if","locations":[{"start":{"line":45,"column":8},"end":{"line":45,"column":8}},{"start":{"line":45,"column":8},"end":{"line":45,"column":8}}]}},"code":["/* istanbul instrument in package npmtest_kafka_node */","/*jslint","    bitwise: true,","    browser: true,","    maxerr: 8,","    maxlen: 96,","    node: true,","    nomen: true,","    regexp: true,","    stupid: true","*/","(function () {","    'use strict';","    var local;","","","","    // run shared js-env code - pre-init","    (function () {","        // init local","        local = {};","        // init modeJs","        local.modeJs = (function () {","            try {","                return typeof navigator.userAgent === 'string' &&","                    typeof document.querySelector('body') === 'object' &&","                    typeof XMLHttpRequest.prototype.open === 'function' &&","                    'browser';","            } catch (errorCaughtBrowser) {","                return module.exports &&","                    typeof process.versions.node === 'string' &&","                    typeof require('http').createServer === 'function' &&","                    'node';","            }","        }());","        // init global","        local.global = local.modeJs === 'browser'","            ? window","            : global;","        // init utility2_rollup","        local = local.global.utility2_rollup || local;","        // init lib","        local.local = local.npmtest_kafka_node = local;","        // init exports","        if (local.modeJs === 'browser') {","            local.global.utility2_npmtest_kafka_node = local;","        } else {","            module.exports = local;","            module.exports.__dirname = __dirname;","            module.exports.module = module;","        }","    }());","}());",""],"l":{"12":2,"14":2,"19":2,"21":2,"23":2,"24":2,"25":2,"30":1,"37":2,"41":2,"43":2,"45":2,"46":1,"48":1,"49":1,"50":1}},"/home/travis/build/npmtest/node-npmtest-kafka-node/example.js":{"path":"/home/travis/build/npmtest/node-npmtest-kafka-node/example.js","s":{"1":2,"2":2,"3":2,"4":2,"5":2,"6":2,"7":2,"8":1,"9":2,"10":2,"11":2,"12":2,"13":1,"14":2,"15":2,"16":2,"17":2,"18":2,"19":0,"20":2,"21":1,"22":1,"23":1,"24":1,"25":1,"26":0,"27":0,"28":1,"29":1,"30":2,"31":0,"32":0,"33":0,"34":1,"35":2,"36":2,"37":2,"38":2,"39":2,"40":2,"41":0,"42":2,"43":2,"44":2,"45":1,"46":3,"47":1,"48":1,"49":1,"50":1,"51":1,"52":1,"53":1,"54":1,"55":1,"56":1,"57":0,"58":1,"59":6,"60":6,"61":1,"62":2,"63":0,"64":2,"65":1,"66":1,"67":0,"68":0,"69":0,"70":0,"71":0,"72":0,"73":0,"74":0,"75":0,"76":0,"77":0,"78":0,"79":0,"80":0,"81":0,"82":0,"83":0},"b":{"1":[2,1,1,1],"2":[1,1,1,1],"3":[1,1],"4":[2,2],"5":[1,1],"6":[1,1],"7":[2,0],"8":[2,1,1,1,1,1],"9":[0,2,0],"10":[1,1],"11":[2,1,1],"12":[1,0],"13":[0,2],"14":[2,0,0,0,0,0,0],"15":[0,2],"16":[2,0],"17":[1,1],"18":[0,1],"19":[1,2,0,2],"20":[1,0],"21":[1,1],"22":[0,0],"23":[0,0],"24":[0,0],"25":[0,0],"26":[0,0],"27":[0,0],"28":[0,0]},"f":{"1":2,"2":2,"3":2,"4":2,"5":2,"6":2,"7":2,"8":2,"9":3,"10":1,"11":6,"12":0},"fnMap":{"1":{"name":"(anonymous_1)","line":26,"loc":{"start":{"line":26,"column":1},"end":{"line":26,"column":13}}},"2":{"name":"(anonymous_2)","line":33,"loc":{"start":{"line":33,"column":5},"end":{"line":33,"column":17}}},"3":{"name":"(anonymous_3)","line":37,"loc":{"start":{"line":37,"column":24},"end":{"line":37,"column":36}}},"4":{"name":"(anonymous_4)","line":69,"loc":{"start":{"line":69,"column":31},"end":{"line":69,"column":48}},"skip":true},"5":{"name":"(anonymous_5)","line":78,"loc":{"start":{"line":78,"column":26},"end":{"line":78,"column":45}},"skip":true},"6":{"name":"(anonymous_6)","line":123,"loc":{"start":{"line":123,"column":33},"end":{"line":123,"column":48}},"skip":true},"7":{"name":"(anonymous_7)","line":125,"loc":{"start":{"line":125,"column":27},"end":{"line":125,"column":39}},"skip":true},"8":{"name":"(anonymous_8)","line":133,"loc":{"start":{"line":133,"column":59},"end":{"line":133,"column":74}},"skip":true},"9":{"name":"(anonymous_9)","line":143,"loc":{"start":{"line":143,"column":45},"end":{"line":143,"column":62}},"skip":true},"10":{"name":"(anonymous_10)","line":144,"loc":{"start":{"line":144,"column":73},"end":{"line":144,"column":92}},"skip":true},"11":{"name":"(anonymous_11)","line":272,"loc":{"start":{"line":272,"column":51},"end":{"line":272,"column":77}},"skip":true},"12":{"name":"(anonymous_12)","line":314,"loc":{"start":{"line":314,"column":32},"end":{"line":314,"column":61}},"skip":true}},"statementMap":{"1":{"start":{"line":26,"column":0},"end":{"line":325,"column":5}},"2":{"start":{"line":28,"column":4},"end":{"line":28,"column":14}},"3":{"start":{"line":33,"column":4},"end":{"line":60,"column":9}},"4":{"start":{"line":35,"column":8},"end":{"line":35,"column":19}},"5":{"start":{"line":37,"column":8},"end":{"line":49,"column":13}},"6":{"start":{"line":38,"column":12},"end":{"line":48,"column":13}},"7":{"start":{"line":39,"column":16},"end":{"line":42,"column":30}},"8":{"start":{"line":44,"column":16},"end":{"line":47,"column":27}},"9":{"start":{"line":51,"column":8},"end":{"line":53,"column":21}},"10":{"start":{"line":55,"column":8},"end":{"line":57,"column":45}},"11":{"start":{"line":59,"column":8},"end":{"line":59,"column":35}},"12":{"start":{"line":61,"column":4},"end":{"line":324,"column":5}},"13":{"start":{"line":69,"column":8},"end":{"line":121,"column":10},"skip":true},"14":{"start":{"line":70,"column":12},"end":{"line":88,"column":13},"skip":true},"15":{"start":{"line":76,"column":16},"end":{"line":87,"column":19},"skip":true},"16":{"start":{"line":79,"column":20},"end":{"line":86,"column":21},"skip":true},"17":{"start":{"line":82,"column":24},"end":{"line":82,"column":43},"skip":true},"18":{"start":{"line":83,"column":24},"end":{"line":83,"column":30},"skip":true},"19":{"start":{"line":85,"column":24},"end":{"line":85,"column":49},"skip":true},"20":{"start":{"line":89,"column":12},"end":{"line":107,"column":13},"skip":true},"21":{"start":{"line":92,"column":16},"end":{"line":102,"column":17},"skip":true},"22":{"start":{"line":93,"column":20},"end":{"line":93,"column":86},"skip":true},"23":{"start":{"line":94,"column":20},"end":{"line":95,"column":45},"skip":true},"24":{"start":{"line":96,"column":20},"end":{"line":96,"column":42},"skip":true},"25":{"start":{"line":97,"column":20},"end":{"line":97,"column":48},"skip":true},"26":{"start":{"line":100,"column":20},"end":{"line":100,"column":85},"skip":true},"27":{"start":{"line":101,"column":20},"end":{"line":101,"column":96},"skip":true},"28":{"start":{"line":103,"column":16},"end":{"line":103,"column":22},"skip":true},"29":{"start":{"line":106,"column":16},"end":{"line":106,"column":22},"skip":true},"30":{"start":{"line":108,"column":12},"end":{"line":120,"column":13},"skip":true},"31":{"start":{"line":114,"column":16},"end":{"line":119,"column":17},"skip":true},"32":{"start":{"line":116,"column":20},"end":{"line":116,"column":78},"skip":true},"33":{"start":{"line":118,"column":20},"end":{"line":118,"column":53},"skip":true},"34":{"start":{"line":123,"column":8},"end":{"line":141,"column":11},"skip":true},"35":{"start":{"line":124,"column":12},"end":{"line":124,"column":54},"skip":true},"36":{"start":{"line":125,"column":12},"end":{"line":140,"column":14},"skip":true},"37":{"start":{"line":126,"column":16},"end":{"line":126,"column":28},"skip":true},"38":{"start":{"line":127,"column":16},"end":{"line":127,"column":69},"skip":true},"39":{"start":{"line":128,"column":16},"end":{"line":128,"column":75},"skip":true},"40":{"start":{"line":129,"column":16},"end":{"line":131,"column":17},"skip":true},"41":{"start":{"line":130,"column":20},"end":{"line":130,"column":27},"skip":true},"42":{"start":{"line":133,"column":16},"end":{"line":137,"column":36},"skip":true},"43":{"start":{"line":134,"column":20},"end":{"line":136,"column":55},"skip":true},"44":{"start":{"line":139,"column":16},"end":{"line":139,"column":57},"skip":true},"45":{"start":{"line":143,"column":8},"end":{"line":147,"column":11},"skip":true},"46":{"start":{"line":144,"column":12},"end":{"line":146,"column":15},"skip":true},"47":{"start":{"line":145,"column":16},"end":{"line":145,"column":70},"skip":true},"48":{"start":{"line":149,"column":8},"end":{"line":149,"column":31},"skip":true},"49":{"start":{"line":150,"column":8},"end":{"line":150,"column":14},"skip":true},"50":{"start":{"line":158,"column":8},"end":{"line":158,"column":31},"skip":true},"51":{"start":{"line":160,"column":8},"end":{"line":160,"column":33},"skip":true},"52":{"start":{"line":161,"column":8},"end":{"line":161,"column":37},"skip":true},"53":{"start":{"line":162,"column":8},"end":{"line":162,"column":35},"skip":true},"54":{"start":{"line":164,"column":8},"end":{"line":164,"column":50},"skip":true},"55":{"start":{"line":166,"column":8},"end":{"line":256,"column":2},"skip":true},"56":{"start":{"line":258,"column":8},"end":{"line":286,"column":9},"skip":true},"57":{"start":{"line":259,"column":12},"end":{"line":269,"column":14},"skip":true},"58":{"start":{"line":271,"column":12},"end":{"line":285,"column":19},"skip":true},"59":{"start":{"line":274,"column":20},"end":{"line":274,"column":35},"skip":true},"60":{"start":{"line":275,"column":20},"end":{"line":284,"column":21},"skip":true},"61":{"start":{"line":277,"column":24},"end":{"line":277,"column":64},"skip":true},"62":{"start":{"line":279,"column":24},"end":{"line":279,"column":40},"skip":true},"63":{"start":{"line":281,"column":24},"end":{"line":281,"column":40},"skip":true},"64":{"start":{"line":283,"column":24},"end":{"line":283,"column":39},"skip":true},"65":{"start":{"line":288,"column":8},"end":{"line":290,"column":9},"skip":true},"66":{"start":{"line":289,"column":12},"end":{"line":289,"column":18},"skip":true},"67":{"start":{"line":291,"column":8},"end":{"line":293,"column":54},"skip":true},"68":{"start":{"line":294,"column":8},"end":{"line":301,"column":37},"skip":true},"69":{"start":{"line":302,"column":8},"end":{"line":302,"column":82},"skip":true},"70":{"start":{"line":305,"column":8},"end":{"line":307,"column":9},"skip":true},"71":{"start":{"line":306,"column":12},"end":{"line":306,"column":82},"skip":true},"72":{"start":{"line":309,"column":8},"end":{"line":311,"column":9},"skip":true},"73":{"start":{"line":310,"column":12},"end":{"line":310,"column":18},"skip":true},"74":{"start":{"line":312,"column":8},"end":{"line":312,"column":54},"skip":true},"75":{"start":{"line":313,"column":8},"end":{"line":313,"column":69},"skip":true},"76":{"start":{"line":314,"column":8},"end":{"line":322,"column":36},"skip":true},"77":{"start":{"line":315,"column":12},"end":{"line":315,"column":61},"skip":true},"78":{"start":{"line":316,"column":12},"end":{"line":319,"column":13},"skip":true},"79":{"start":{"line":317,"column":16},"end":{"line":317,"column":75},"skip":true},"80":{"start":{"line":318,"column":16},"end":{"line":318,"column":23},"skip":true},"81":{"start":{"line":320,"column":12},"end":{"line":320,"column":38},"skip":true},"82":{"start":{"line":321,"column":12},"end":{"line":321,"column":27},"skip":true},"83":{"start":{"line":323,"column":8},"end":{"line":323,"column":14},"skip":true}},"branchMap":{"1":{"line":39,"type":"binary-expr","locations":[{"start":{"line":39,"column":23},"end":{"line":39,"column":62}},{"start":{"line":40,"column":20},"end":{"line":40,"column":70}},{"start":{"line":41,"column":20},"end":{"line":41,"column":71}},{"start":{"line":42,"column":20},"end":{"line":42,"column":29}}]},"2":{"line":44,"type":"binary-expr","locations":[{"start":{"line":44,"column":23},"end":{"line":44,"column":37}},{"start":{"line":45,"column":20},"end":{"line":45,"column":61}},{"start":{"line":46,"column":20},"end":{"line":46,"column":70}},{"start":{"line":47,"column":20},"end":{"line":47,"column":26}}]},"3":{"line":51,"type":"cond-expr","locations":[{"start":{"line":52,"column":14},"end":{"line":52,"column":20}},{"start":{"line":53,"column":14},"end":{"line":53,"column":20}}]},"4":{"line":55,"type":"binary-expr","locations":[{"start":{"line":55,"column":16},"end":{"line":55,"column":44}},{"start":{"line":55,"column":49},"end":{"line":57,"column":43}}]},"5":{"line":55,"type":"cond-expr","locations":[{"start":{"line":56,"column":14},"end":{"line":56,"column":54}},{"start":{"line":57,"column":14},"end":{"line":57,"column":43}}]},"6":{"line":61,"type":"switch","locations":[{"start":{"line":68,"column":4},"end":{"line":150,"column":14},"skip":true},{"start":{"line":156,"column":4},"end":{"line":323,"column":14},"skip":true}]},"7":{"line":70,"type":"if","locations":[{"start":{"line":70,"column":12},"end":{"line":70,"column":12},"skip":true},{"start":{"line":70,"column":12},"end":{"line":70,"column":12},"skip":true}]},"8":{"line":70,"type":"binary-expr","locations":[{"start":{"line":70,"column":16},"end":{"line":70,"column":22},"skip":true},{"start":{"line":70,"column":27},"end":{"line":70,"column":32},"skip":true},{"start":{"line":71,"column":20},"end":{"line":71,"column":39},"skip":true},{"start":{"line":72,"column":20},"end":{"line":72,"column":49},"skip":true},{"start":{"line":73,"column":20},"end":{"line":73,"column":58},"skip":true},{"start":{"line":74,"column":20},"end":{"line":74,"column":69},"skip":true}]},"9":{"line":79,"type":"switch","locations":[{"start":{"line":80,"column":20},"end":{"line":80,"column":33},"skip":true},{"start":{"line":81,"column":20},"end":{"line":83,"column":30},"skip":true},{"start":{"line":84,"column":20},"end":{"line":85,"column":49},"skip":true}]},"10":{"line":89,"type":"switch","locations":[{"start":{"line":90,"column":12},"end":{"line":103,"column":22},"skip":true},{"start":{"line":105,"column":12},"end":{"line":106,"column":22},"skip":true}]},"11":{"line":89,"type":"binary-expr","locations":[{"start":{"line":89,"column":20},"end":{"line":89,"column":25},"skip":true},{"start":{"line":89,"column":29},"end":{"line":89,"column":48},"skip":true},{"start":{"line":89,"column":52},"end":{"line":89,"column":74},"skip":true}]},"12":{"line":92,"type":"if","locations":[{"start":{"line":92,"column":16},"end":{"line":92,"column":16},"skip":true},{"start":{"line":92,"column":16},"end":{"line":92,"column":16},"skip":true}]},"13":{"line":108,"type":"if","locations":[{"start":{"line":108,"column":12},"end":{"line":108,"column":12},"skip":true},{"start":{"line":108,"column":12},"end":{"line":108,"column":12},"skip":true}]},"14":{"line":108,"type":"binary-expr","locations":[{"start":{"line":108,"column":16},"end":{"line":108,"column":61},"skip":true},{"start":{"line":108,"column":66},"end":{"line":108,"column":72},"skip":true},{"start":{"line":108,"column":77},"end":{"line":108,"column":82},"skip":true},{"start":{"line":109,"column":20},"end":{"line":109,"column":39},"skip":true},{"start":{"line":110,"column":20},"end":{"line":110,"column":49},"skip":true},{"start":{"line":111,"column":20},"end":{"line":111,"column":58},"skip":true},{"start":{"line":112,"column":20},"end":{"line":112,"column":68},"skip":true}]},"15":{"line":129,"type":"if","locations":[{"start":{"line":129,"column":16},"end":{"line":129,"column":16},"skip":true},{"start":{"line":129,"column":16},"end":{"line":129,"column":16},"skip":true}]},"16":{"line":134,"type":"cond-expr","locations":[{"start":{"line":135,"column":26},"end":{"line":135,"column":29},"skip":true},{"start":{"line":136,"column":26},"end":{"line":136,"column":54},"skip":true}]},"17":{"line":164,"type":"binary-expr","locations":[{"start":{"line":164,"column":27},"end":{"line":164,"column":43},"skip":true},{"start":{"line":164,"column":47},"end":{"line":164,"column":49},"skip":true}]},"18":{"line":258,"type":"if","locations":[{"start":{"line":258,"column":8},"end":{"line":258,"column":8},"skip":true},{"start":{"line":258,"column":8},"end":{"line":258,"column":8},"skip":true}]},"19":{"line":275,"type":"switch","locations":[{"start":{"line":276,"column":20},"end":{"line":277,"column":64},"skip":true},{"start":{"line":278,"column":20},"end":{"line":279,"column":40},"skip":true},{"start":{"line":280,"column":20},"end":{"line":281,"column":40},"skip":true},{"start":{"line":282,"column":20},"end":{"line":283,"column":39},"skip":true}]},"20":{"line":288,"type":"if","locations":[{"start":{"line":288,"column":8},"end":{"line":288,"column":8},"skip":true},{"start":{"line":288,"column":8},"end":{"line":288,"column":8},"skip":true}]},"21":{"line":288,"type":"binary-expr","locations":[{"start":{"line":288,"column":12},"end":{"line":288,"column":40},"skip":true},{"start":{"line":288,"column":44},"end":{"line":288,"column":67},"skip":true}]},"22":{"line":292,"type":"binary-expr","locations":[{"start":{"line":292,"column":12},"end":{"line":292,"column":50},"skip":true},{"start":{"line":293,"column":12},"end":{"line":293,"column":53},"skip":true}]},"23":{"line":295,"type":"binary-expr","locations":[{"start":{"line":295,"column":12},"end":{"line":295,"column":68},"skip":true},{"start":{"line":296,"column":12},"end":{"line":301,"column":36},"skip":true}]},"24":{"line":302,"type":"binary-expr","locations":[{"start":{"line":302,"column":43},"end":{"line":302,"column":75},"skip":true},{"start":{"line":302,"column":79},"end":{"line":302,"column":81},"skip":true}]},"25":{"line":305,"type":"if","locations":[{"start":{"line":305,"column":8},"end":{"line":305,"column":8},"skip":true},{"start":{"line":305,"column":8},"end":{"line":305,"column":8},"skip":true}]},"26":{"line":309,"type":"if","locations":[{"start":{"line":309,"column":8},"end":{"line":309,"column":8},"skip":true},{"start":{"line":309,"column":8},"end":{"line":309,"column":8},"skip":true}]},"27":{"line":312,"type":"binary-expr","locations":[{"start":{"line":312,"column":27},"end":{"line":312,"column":43},"skip":true},{"start":{"line":312,"column":47},"end":{"line":312,"column":53},"skip":true}]},"28":{"line":316,"type":"if","locations":[{"start":{"line":316,"column":12},"end":{"line":316,"column":12},"skip":true},{"start":{"line":316,"column":12},"end":{"line":316,"column":12},"skip":true}]}},"code":["/*","example.js","","quickstart example","","instruction","    1. save this script as example.js","    2. run the shell command:","        $ npm install npmtest-kafka-node && PORT=8081 node example.js","    3. play with the browser-demo on http://127.0.0.1:8081","*/","","","","/* istanbul instrument in package npmtest_kafka_node */","/*jslint","    bitwise: true,","    browser: true,","    maxerr: 8,","    maxlen: 96,","    node: true,","    nomen: true,","    regexp: true,","    stupid: true","*/","(function () {","    'use strict';","    var local;","","","","    // run shared js-env code - pre-init","    (function () {","        // init local","        local = {};","        // init modeJs","        local.modeJs = (function () {","            try {","                return typeof navigator.userAgent === 'string' &&","                    typeof document.querySelector('body') === 'object' &&","                    typeof XMLHttpRequest.prototype.open === 'function' &&","                    'browser';","            } catch (errorCaughtBrowser) {","                return module.exports &&","                    typeof process.versions.node === 'string' &&","                    typeof require('http').createServer === 'function' &&","                    'node';","            }","        }());","        // init global","        local.global = local.modeJs === 'browser'","            ? window","            : global;","        // init utility2_rollup","        local = local.global.utility2_rollup || (local.modeJs === 'browser'","            ? local.global.utility2_npmtest_kafka_node","            : global.utility2_moduleExports);","        // export local","        local.global.local = local;","    }());","    switch (local.modeJs) {","","","","    // post-init","    // run browser js-env code - post-init","    /* istanbul ignore next */","    case 'browser':","        local.testRunBrowser = function (event) {","            if (!event || (event &&","                    event.currentTarget &&","                    event.currentTarget.className &&","                    event.currentTarget.className.includes &&","                    event.currentTarget.className.includes('onreset'))) {","                // reset output","                Array.from(","                    document.querySelectorAll('body > .resettable')","                ).forEach(function (element) {","                    switch (element.tagName) {","                    case 'INPUT':","                    case 'TEXTAREA':","                        element.value = '';","                        break;","                    default:","                        element.textContent = '';","                    }","                });","            }","            switch (event && event.currentTarget && event.currentTarget.id) {","            case 'testRunButton1':","                // show tests","                if (document.querySelector('#testReportDiv1').style.display === 'none') {","                    document.querySelector('#testReportDiv1').style.display = 'block';","                    document.querySelector('#testRunButton1').textContent =","                        'hide internal test';","                    local.modeTest = true;","                    local.testRunDefault(local);","                // hide tests","                } else {","                    document.querySelector('#testReportDiv1').style.display = 'none';","                    document.querySelector('#testRunButton1').textContent = 'run internal test';","                }","                break;","            // custom-case","            default:","                break;","            }","            if (document.querySelector('#inputTextareaEval1') && (!event || (event &&","                    event.currentTarget &&","                    event.currentTarget.className &&","                    event.currentTarget.className.includes &&","                    event.currentTarget.className.includes('oneval')))) {","                // try to eval input-code","                try {","                    /*jslint evil: true*/","                    eval(document.querySelector('#inputTextareaEval1').value);","                } catch (errorCaught) {","                    console.error(errorCaught.stack);","                }","            }","        };","        // log stderr and stdout to #outputTextareaStdout1","        ['error', 'log'].forEach(function (key) {","            console[key + '_original'] = console[key];","            console[key] = function () {","                var element;","                console[key + '_original'].apply(console, arguments);","                element = document.querySelector('#outputTextareaStdout1');","                if (!element) {","                    return;","                }","                // append text to #outputTextareaStdout1","                element.value += Array.from(arguments).map(function (arg) {","                    return typeof arg === 'string'","                        ? arg","                        : JSON.stringify(arg, null, 4);","                }).join(' ') + '\\n';","                // scroll textarea to bottom","                element.scrollTop = element.scrollHeight;","            };","        });","        // init event-handling","        ['change', 'click', 'keyup'].forEach(function (event) {","            Array.from(document.querySelectorAll('.on' + event)).forEach(function (element) {","                element.addEventListener(event, local.testRunBrowser);","            });","        });","        // run tests","        local.testRunBrowser();","        break;","","","","    // run node js-env code - post-init","    /* istanbul ignore next */","    case 'node':","        // export local","        module.exports = local;","        // require modules","        local.fs = require('fs');","        local.http = require('http');","        local.url = require('url');","        // init assets","        local.assetsDict = local.assetsDict || {};","        /* jslint-ignore-begin */","        local.assetsDict['/assets.index.template.html'] = '\\","<!doctype html>\\n\\","<html lang=\"en\">\\n\\","<head>\\n\\","<meta charset=\"UTF-8\">\\n\\","<meta name=\"viewport\" content=\"width=device-width, initial-scale=1\">\\n\\","<title>{{env.npm_package_name}} (v{{env.npm_package_version}})</title>\\n\\","<style>\\n\\","/*csslint\\n\\","    box-sizing: false,\\n\\","    universal-selector: false\\n\\","*/\\n\\","* {\\n\\","    box-sizing: border-box;\\n\\","}\\n\\","body {\\n\\","    background: #dde;\\n\\","    font-family: Arial, Helvetica, sans-serif;\\n\\","    margin: 2rem;\\n\\","}\\n\\","body > * {\\n\\","    margin-bottom: 1rem;\\n\\","}\\n\\",".utility2FooterDiv {\\n\\","    margin-top: 20px;\\n\\","    text-align: center;\\n\\","}\\n\\","</style>\\n\\","<style>\\n\\","/*csslint\\n\\","*/\\n\\","textarea {\\n\\","    font-family: monospace;\\n\\","    height: 10rem;\\n\\","    width: 100%;\\n\\","}\\n\\","textarea[readonly] {\\n\\","    background: #ddd;\\n\\","}\\n\\","</style>\\n\\","</head>\\n\\","<body>\\n\\","<!-- utility2-comment\\n\\","<div id=\"ajaxProgressDiv1\" style=\"background: #d00; height: 2px; left: 0; margin: 0; padding: 0; position: fixed; top: 0; transition: background 0.5s, width 1.5s; width: 25%;\"></div>\\n\\","utility2-comment -->\\n\\","<h1>\\n\\","<!-- utility2-comment\\n\\","    <a\\n\\","        {{#if env.npm_package_homepage}}\\n\\","        href=\"{{env.npm_package_homepage}}\"\\n\\","        {{/if env.npm_package_homepage}}\\n\\","        target=\"_blank\"\\n\\","    >\\n\\","utility2-comment -->\\n\\","        {{env.npm_package_name}} (v{{env.npm_package_version}})\\n\\","<!-- utility2-comment\\n\\","    </a>\\n\\","utility2-comment -->\\n\\","</h1>\\n\\","<h3>{{env.npm_package_description}}</h3>\\n\\","<!-- utility2-comment\\n\\","<h4><a download href=\"assets.app.js\">download standalone app</a></h4>\\n\\","<button class=\"onclick onreset\" id=\"testRunButton1\">run internal test</button><br>\\n\\","<div id=\"testReportDiv1\" style=\"display: none;\"></div>\\n\\","utility2-comment -->\\n\\","\\n\\","\\n\\","\\n\\","<label>stderr and stdout</label>\\n\\","<textarea class=\"resettable\" id=\"outputTextareaStdout1\" readonly></textarea>\\n\\","<!-- utility2-comment\\n\\","{{#if isRollup}}\\n\\","<script src=\"assets.app.js\"></script>\\n\\","{{#unless isRollup}}\\n\\","utility2-comment -->\\n\\","<script src=\"assets.utility2.rollup.js\"></script>\\n\\","<script src=\"jsonp.utility2._stateInit?callback=window.utility2._stateInit\"></script>\\n\\","<script src=\"assets.npmtest_kafka_node.rollup.js\"></script>\\n\\","<script src=\"assets.example.js\"></script>\\n\\","<script src=\"assets.test.js\"></script>\\n\\","<!-- utility2-comment\\n\\","{{/if isRollup}}\\n\\","utility2-comment -->\\n\\","<div class=\"utility2FooterDiv\">\\n\\","    [ this app was created with\\n\\","    <a href=\"https://github.com/kaizhu256/node-utility2\" target=\"_blank\">utility2</a>\\n\\","    ]\\n\\","</div>\\n\\","</body>\\n\\","</html>\\n\\","';","        /* jslint-ignore-end */","        if (local.templateRender) {","            local.assetsDict['/'] = local.templateRender(","                local.assetsDict['/assets.index.template.html'],","                {","                    env: local.objectSetDefault(local.env, {","                        npm_package_description: 'the greatest app in the world!',","                        npm_package_name: 'my-app',","                        npm_package_nameAlias: 'my_app',","                        npm_package_version: '0.0.1'","                    })","                }","            );","        } else {","            local.assetsDict['/'] = local.assetsDict['/assets.index.template.html']","                .replace((/\\{\\{env\\.(\\w+?)\\}\\}/g), function (match0, match1) {","                    // jslint-hack","                    String(match0);","                    switch (match1) {","                    case 'npm_package_description':","                        return 'the greatest app in the world!';","                    case 'npm_package_name':","                        return 'my-app';","                    case 'npm_package_nameAlias':","                        return 'my_app';","                    case 'npm_package_version':","                        return '0.0.1';","                    }","                });","        }","        // run the cli","        if (local.global.utility2_rollup || module !== require.main) {","            break;","        }","        local.assetsDict['/assets.example.js'] =","            local.assetsDict['/assets.example.js'] ||","            local.fs.readFileSync(__filename, 'utf8');","        local.assetsDict['/assets.npmtest_kafka_node.rollup.js'] =","            local.assetsDict['/assets.npmtest_kafka_node.rollup.js'] ||","            local.fs.readFileSync(","                // buildCustomOrg-hack","                local.npmtest_kafka_node.__dirname +","                    '/lib.npmtest_kafka_node.js',","                'utf8'","            ).replace((/^#!/), '//');","        local.assetsDict['/favicon.ico'] = local.assetsDict['/favicon.ico'] || '';","        // if $npm_config_timeout_exit exists,","        // then exit this process after $npm_config_timeout_exit ms","        if (Number(process.env.npm_config_timeout_exit)) {","            setTimeout(process.exit, Number(process.env.npm_config_timeout_exit));","        }","        // start server","        if (local.global.utility2_serverHttp1) {","            break;","        }","        process.env.PORT = process.env.PORT || '8081';","        console.error('server starting on port ' + process.env.PORT);","        local.http.createServer(function (request, response) {","            request.urlParsed = local.url.parse(request.url);","            if (local.assetsDict[request.urlParsed.pathname] !== undefined) {","                response.end(local.assetsDict[request.urlParsed.pathname]);","                return;","            }","            response.statusCode = 404;","            response.end();","        }).listen(process.env.PORT);","        break;","    }","}());",""],"l":{"26":2,"28":2,"33":2,"35":2,"37":2,"38":2,"39":2,"44":1,"51":2,"55":2,"59":2,"61":2,"69":1,"70":2,"76":2,"79":2,"82":2,"83":2,"85":1,"89":2,"92":1,"93":1,"94":1,"96":1,"97":1,"100":1,"101":1,"103":1,"106":1,"108":2,"114":1,"116":1,"118":1,"123":1,"124":2,"125":2,"126":2,"127":2,"128":2,"129":2,"130":1,"133":2,"134":2,"139":2,"143":1,"144":3,"145":1,"149":1,"150":1,"158":1,"160":1,"161":1,"162":1,"164":1,"166":1,"258":1,"259":1,"271":1,"274":6,"275":6,"277":1,"279":2,"281":1,"283":2,"288":1,"289":1,"291":1,"294":1,"302":1,"305":1,"306":1,"309":1,"310":1,"312":1,"313":1,"314":1,"315":1,"316":1,"317":1,"318":1,"320":1,"321":1,"323":1}},"/home/travis/build/npmtest/node-npmtest-kafka-node/kafka-node/kafka.js":{"path":"/home/travis/build/npmtest/node-npmtest-kafka-node/kafka-node/kafka.js","s":{"1":1,"2":1,"3":1,"4":1,"5":1,"6":1,"7":1,"8":1,"9":1,"10":1,"11":1,"12":1,"13":1},"b":{},"f":{},"fnMap":{},"statementMap":{"1":{"start":{"line":1,"column":0},"end":{"line":1,"column":63}},"2":{"start":{"line":2,"column":0},"end":{"line":2,"column":63}},"3":{"start":{"line":3,"column":0},"end":{"line":3,"column":55}},"4":{"start":{"line":4,"column":0},"end":{"line":4,"column":45}},"5":{"start":{"line":5,"column":0},"end":{"line":5,"column":45}},"6":{"start":{"line":6,"column":0},"end":{"line":6,"column":41}},"7":{"start":{"line":7,"column":0},"end":{"line":7,"column":41}},"8":{"start":{"line":8,"column":0},"end":{"line":8,"column":62}},"9":{"start":{"line":9,"column":0},"end":{"line":9,"column":77}},"10":{"start":{"line":10,"column":0},"end":{"line":10,"column":75}},"11":{"start":{"line":11,"column":0},"end":{"line":11,"column":75}},"12":{"start":{"line":12,"column":0},"end":{"line":12,"column":73}},"13":{"start":{"line":13,"column":0},"end":{"line":13,"column":75}}},"branchMap":{},"code":["exports.HighLevelConsumer = require('./lib/highLevelConsumer');","exports.HighLevelProducer = require('./lib/highLevelProducer');","exports.ConsumerGroup = require('./lib/consumerGroup');","exports.Consumer = require('./lib/consumer');","exports.Producer = require('./lib/producer');","exports.Client = require('./lib/client');","exports.Offset = require('./lib/offset');","exports.KeyedMessage = require('./lib/protocol').KeyedMessage;","exports.DefaultPartitioner = require('./lib/partitioner').DefaultPartitioner;","exports.CyclicPartitioner = require('./lib/partitioner').CyclicPartitioner;","exports.RandomPartitioner = require('./lib/partitioner').RandomPartitioner;","exports.KeyedPartitioner = require('./lib/partitioner').KeyedPartitioner;","exports.CustomPartitioner = require('./lib/partitioner').CustomPartitioner;",""],"l":{"1":1,"2":1,"3":1,"4":1,"5":1,"6":1,"7":1,"8":1,"9":1,"10":1,"11":1,"12":1,"13":1}},"/home/travis/build/npmtest/node-npmtest-kafka-node/kafka-node/lib/highLevelConsumer.js":{"path":"/home/travis/build/npmtest/node-npmtest-kafka-node/kafka-node/lib/highLevelConsumer.js","s":{"1":1,"2":1,"3":1,"4":1,"5":1,"6":1,"7":1,"8":1,"9":1,"10":1,"11":1,"12":0,"13":0,"14":0,"15":0,"16":0,"17":0,"18":0,"19":0,"20":0,"21":0,"22":0,"23":0,"24":0,"25":0,"26":0,"27":0,"28":0,"29":0,"30":0,"31":1,"32":1,"33":0,"34":0,"35":0,"36":0,"37":0,"38":0,"39":0,"40":0,"41":0,"42":1,"43":0,"44":0,"45":0,"46":1,"47":0,"48":0,"49":0,"50":1,"51":0,"52":0,"53":0,"54":0,"55":0,"56":0,"57":0,"58":0,"59":0,"60":0,"61":0,"62":0,"63":1,"64":0,"65":0,"66":0,"67":0,"68":0,"69":0,"70":0,"71":0,"72":0,"73":0,"74":0,"75":0,"76":0,"77":0,"78":0,"79":0,"80":0,"81":0,"82":1,"83":0,"84":0,"85":0,"86":0,"87":0,"88":0,"89":1,"90":0,"91":0,"92":0,"93":0,"94":0,"95":0,"96":0,"97":0,"98":0,"99":0,"100":0,"101":0,"102":0,"103":0,"104":0,"105":0,"106":0,"107":0,"108":0,"109":0,"110":0,"111":0,"112":0,"113":0,"114":0,"115":0,"116":0,"117":0,"118":0,"119":0,"120":0,"121":0,"122":0,"123":0,"124":1,"125":0,"126":0,"127":0,"128":0,"129":1,"130":0,"131":0,"132":0,"133":0,"134":1,"135":0,"136":0,"137":0,"138":1,"139":0,"140":0,"141":0,"142":0,"143":0,"144":0,"145":0,"146":0,"147":0,"148":0,"149":0,"150":0,"151":0,"152":0,"153":0,"154":0,"155":0,"156":0,"157":0,"158":0,"159":0,"160":0,"161":0,"162":0,"163":0,"164":0,"165":0,"166":0,"167":0,"168":0,"169":0,"170":0,"171":0,"172":0,"173":0,"174":0,"175":0,"176":0,"177":0,"178":0,"179":0,"180":0,"181":0,"182":1,"183":0,"184":0,"185":0,"186":0,"187":0,"188":0,"189":0,"190":0,"191":0,"192":0,"193":0,"194":0,"195":0,"196":0,"197":1,"198":0,"199":0,"200":0,"201":0,"202":0,"203":0,"204":0,"205":0,"206":0,"207":0,"208":0,"209":0,"210":0,"211":0,"212":0,"213":0,"214":0,"215":0,"216":0,"217":0,"218":0,"219":0,"220":0,"221":0,"222":0,"223":0,"224":0,"225":0,"226":0,"227":0,"228":0,"229":0,"230":0,"231":0,"232":0,"233":0,"234":0,"235":0,"236":0,"237":0,"238":0,"239":0,"240":0,"241":0,"242":0,"243":0,"244":0,"245":0,"246":0,"247":0,"248":0,"249":0,"250":0,"251":0,"252":0,"253":0,"254":0,"255":0,"256":0,"257":0,"258":0,"259":0,"260":0,"261":0,"262":0,"263":0,"264":0,"265":0,"266":0,"267":0,"268":0,"269":0,"270":0,"271":0,"272":1,"273":0,"274":0,"275":0,"276":0,"277":0,"278":0,"279":0,"280":1,"281":0,"282":0,"283":0,"284":0,"285":0,"286":0,"287":0,"288":0,"289":0,"290":0,"291":0,"292":0,"293":1,"294":0,"295":1,"296":0,"297":0,"298":0,"299":0,"300":0,"301":0,"302":0,"303":0,"304":0,"305":0,"306":0,"307":0,"308":0,"309":0,"310":0,"311":0,"312":0,"313":1,"314":1,"315":0,"316":0,"317":0,"318":1,"319":0,"320":0,"321":1,"322":0,"323":1,"324":0,"325":0,"326":0,"327":0,"328":0,"329":0,"330":0,"331":0,"332":0,"333":0,"334":0,"335":0,"336":0,"337":1,"338":0,"339":0,"340":0,"341":0,"342":0,"343":0,"344":0,"345":0,"346":0,"347":0,"348":0,"349":0,"350":0,"351":0,"352":0,"353":0,"354":0,"355":0,"356":0,"357":1,"358":0,"359":0,"360":0,"361":0,"362":1,"363":0,"364":0,"365":0,"366":0,"367":0,"368":0,"369":1,"370":0,"371":0,"372":0,"373":0,"374":0,"375":0,"376":0,"377":0,"378":0,"379":0,"380":0,"381":0,"382":0,"383":0,"384":0,"385":1,"386":0,"387":0,"388":0,"389":0,"390":1,"391":0,"392":0,"393":0,"394":0,"395":0,"396":1,"397":0,"398":1,"399":0,"400":0,"401":1},"b":{"1":[0,0],"2":[0,0],"3":[0,0],"4":[0,0],"5":[0,0],"6":[0,0],"7":[0,0],"8":[0,0],"9":[0,0],"10":[0,0],"11":[0,0],"12":[0,0],"13":[0,0],"14":[0,0],"15":[0,0],"16":[0,0],"17":[0,0],"18":[0,0],"19":[0,0],"20":[0,0],"21":[0,0],"22":[0,0],"23":[0,0],"24":[0,0],"25":[0,0],"26":[0,0],"27":[0,0],"28":[0,0],"29":[0,0],"30":[0,0],"31":[0,0],"32":[0,0],"33":[0,0],"34":[0,0],"35":[0,0],"36":[0,0],"37":[0,0],"38":[0,0],"39":[0,0],"40":[0,0],"41":[0,0],"42":[0,0],"43":[0,0],"44":[0,0],"45":[0,0],"46":[0,0],"47":[0,0],"48":[0,0],"49":[0,0],"50":[0,0],"51":[0,0],"52":[0,0],"53":[0,0],"54":[0,0],"55":[0,0],"56":[0,0],"57":[0,0],"58":[0,0],"59":[0,0],"60":[0,0],"61":[0,0],"62":[0,0],"63":[0,0],"64":[0,0],"65":[0,0],"66":[0,0],"67":[0,0],"68":[0,0],"69":[0,0,0],"70":[0,0],"71":[0,0],"72":[0,0],"73":[0,0],"74":[0,0],"75":[0,0],"76":[0,0],"77":[0,0],"78":[0,0],"79":[0,0],"80":[0,0],"81":[0,0],"82":[0,0],"83":[0,0],"84":[0,0],"85":[0,0],"86":[0,0]},"f":{"1":0,"2":0,"3":0,"4":0,"5":0,"6":0,"7":0,"8":0,"9":0,"10":0,"11":0,"12":0,"13":0,"14":0,"15":0,"16":0,"17":0,"18":0,"19":0,"20":0,"21":0,"22":0,"23":0,"24":0,"25":0,"26":0,"27":0,"28":0,"29":0,"30":0,"31":0,"32":0,"33":0,"34":0,"35":0,"36":0,"37":0,"38":0,"39":0,"40":0,"41":0,"42":0,"43":0,"44":0,"45":0,"46":0,"47":0,"48":0,"49":0,"50":0,"51":0,"52":0,"53":0,"54":0,"55":0,"56":0,"57":0,"58":0,"59":0,"60":0,"61":0,"62":0,"63":0,"64":0,"65":0,"66":0,"67":0,"68":0,"69":0,"70":0,"71":0,"72":0,"73":0,"74":0,"75":0,"76":0,"77":0,"78":0,"79":0,"80":0,"81":0,"82":0,"83":0,"84":0,"85":0,"86":0,"87":0,"88":0,"89":0,"90":0,"91":0,"92":0,"93":0,"94":0,"95":0,"96":0,"97":0,"98":0,"99":0,"100":0,"101":0,"102":0,"103":0},"fnMap":{"1":{"name":"(anonymous_1)","line":35,"loc":{"start":{"line":35,"column":24},"end":{"line":35,"column":59}}},"2":{"name":"(anonymous_2)","line":61,"loc":{"start":{"line":61,"column":44},"end":{"line":61,"column":64}}},"3":{"name":"(anonymous_3)","line":63,"loc":{"start":{"line":63,"column":22},"end":{"line":63,"column":35}}},"4":{"name":"(anonymous_4)","line":74,"loc":{"start":{"line":74,"column":49},"end":{"line":74,"column":67}}},"5":{"name":"(anonymous_5)","line":75,"loc":{"start":{"line":75,"column":20},"end":{"line":75,"column":33}}},"6":{"name":"(anonymous_6)","line":82,"loc":{"start":{"line":82,"column":47},"end":{"line":82,"column":59}}},"7":{"name":"(anonymous_7)","line":87,"loc":{"start":{"line":87,"column":38},"end":{"line":87,"column":50}}},"8":{"name":"(anonymous_8)","line":94,"loc":{"start":{"line":94,"column":26},"end":{"line":94,"column":38}}},"9":{"name":"(anonymous_9)","line":98,"loc":{"start":{"line":98,"column":35},"end":{"line":98,"column":48}}},"10":{"name":"(anonymous_10)","line":102,"loc":{"start":{"line":102,"column":36},"end":{"line":102,"column":51}}},"11":{"name":"checkPartitionOwnership","line":110,"loc":{"start":{"line":110,"column":2},"end":{"line":110,"column":46}}},"12":{"name":"(anonymous_12)","line":111,"loc":{"start":{"line":111,"column":35},"end":{"line":111,"column":54}}},"13":{"name":"(anonymous_13)","line":113,"loc":{"start":{"line":113,"column":102},"end":{"line":113,"column":117}}},"14":{"name":"(anonymous_14)","line":127,"loc":{"start":{"line":127,"column":53},"end":{"line":127,"column":65}}},"15":{"name":"(anonymous_15)","line":131,"loc":{"start":{"line":131,"column":8},"end":{"line":131,"column":28}}},"16":{"name":"(anonymous_16)","line":132,"loc":{"start":{"line":132,"column":77},"end":{"line":132,"column":106}}},"17":{"name":"(anonymous_17)","line":143,"loc":{"start":{"line":143,"column":9},"end":{"line":143,"column":26}}},"18":{"name":"fetchAndUpdateOffsets","line":151,"loc":{"start":{"line":151,"column":2},"end":{"line":151,"column":38}}},"19":{"name":"(anonymous_19)","line":152,"loc":{"start":{"line":152,"column":41},"end":{"line":152,"column":64}}},"20":{"name":"rebalance","line":164,"loc":{"start":{"line":164,"column":2},"end":{"line":164,"column":24}}},"21":{"name":"(anonymous_21)","line":176,"loc":{"start":{"line":176,"column":24},"end":{"line":176,"column":50}}},"22":{"name":"(anonymous_22)","line":177,"loc":{"start":{"line":177,"column":48},"end":{"line":177,"column":63}}},"23":{"name":"(anonymous_23)","line":185,"loc":{"start":{"line":185,"column":52},"end":{"line":185,"column":65}}},"24":{"name":"(anonymous_24)","line":188,"loc":{"start":{"line":188,"column":52},"end":{"line":188,"column":67}}},"25":{"name":"(anonymous_25)","line":197,"loc":{"start":{"line":197,"column":38},"end":{"line":197,"column":53}}},"26":{"name":"register","line":220,"loc":{"start":{"line":220,"column":2},"end":{"line":220,"column":25}}},"27":{"name":"deregister","line":227,"loc":{"start":{"line":227,"column":2},"end":{"line":227,"column":27}}},"28":{"name":"pendingRebalance","line":234,"loc":{"start":{"line":234,"column":2},"end":{"line":234,"column":31}}},"29":{"name":"attachZookeeperErrorListener","line":241,"loc":{"start":{"line":241,"column":2},"end":{"line":241,"column":43}}},"30":{"name":"(anonymous_30)","line":242,"loc":{"start":{"line":242,"column":31},"end":{"line":242,"column":46}}},"31":{"name":"(anonymous_31)","line":249,"loc":{"start":{"line":249,"column":32},"end":{"line":249,"column":44}}},"32":{"name":"(anonymous_32)","line":254,"loc":{"start":{"line":254,"column":20},"end":{"line":254,"column":32}}},"33":{"name":"(anonymous_33)","line":256,"loc":{"start":{"line":256,"column":28},"end":{"line":256,"column":45}}},"34":{"name":"(anonymous_34)","line":265,"loc":{"start":{"line":265,"column":24},"end":{"line":265,"column":36}}},"35":{"name":"(anonymous_35)","line":269,"loc":{"start":{"line":269,"column":17},"end":{"line":269,"column":29}}},"36":{"name":"(anonymous_36)","line":276,"loc":{"start":{"line":276,"column":25},"end":{"line":276,"column":37}}},"37":{"name":"(anonymous_37)","line":281,"loc":{"start":{"line":281,"column":26},"end":{"line":281,"column":41}}},"38":{"name":"(anonymous_38)","line":285,"loc":{"start":{"line":285,"column":30},"end":{"line":285,"column":51}}},"39":{"name":"(anonymous_39)","line":289,"loc":{"start":{"line":289,"column":26},"end":{"line":289,"column":38}}},"40":{"name":"(anonymous_40)","line":293,"loc":{"start":{"line":293,"column":30},"end":{"line":293,"column":47}}},"41":{"name":"(anonymous_41)","line":298,"loc":{"start":{"line":298,"column":32},"end":{"line":298,"column":56}}},"42":{"name":"(anonymous_42)","line":311,"loc":{"start":{"line":311,"column":18},"end":{"line":311,"column":36}}},"43":{"name":"(anonymous_43)","line":314,"loc":{"start":{"line":314,"column":19},"end":{"line":314,"column":31}}},"44":{"name":"(anonymous_44)","line":321,"loc":{"start":{"line":321,"column":49},"end":{"line":321,"column":84}}},"45":{"name":"(anonymous_45)","line":323,"loc":{"start":{"line":323,"column":28},"end":{"line":323,"column":47}}},"46":{"name":"(anonymous_46)","line":326,"loc":{"start":{"line":326,"column":8},"end":{"line":326,"column":26}}},"47":{"name":"(anonymous_47)","line":327,"loc":{"start":{"line":327,"column":104},"end":{"line":327,"column":119}}},"48":{"name":"(anonymous_48)","line":334,"loc":{"start":{"line":334,"column":8},"end":{"line":334,"column":26}}},"49":{"name":"(anonymous_49)","line":337,"loc":{"start":{"line":337,"column":8},"end":{"line":337,"column":26}}},"50":{"name":"(anonymous_50)","line":338,"loc":{"start":{"line":338,"column":104},"end":{"line":338,"column":119}}},"51":{"name":"(anonymous_51)","line":353,"loc":{"start":{"line":353,"column":47},"end":{"line":353,"column":79}}},"52":{"name":"(anonymous_52)","line":362,"loc":{"start":{"line":362,"column":4},"end":{"line":362,"column":24}}},"53":{"name":"(anonymous_53)","line":364,"loc":{"start":{"line":364,"column":16},"end":{"line":364,"column":28}}},"54":{"name":"(anonymous_54)","line":370,"loc":{"start":{"line":370,"column":4},"end":{"line":370,"column":24}}},"55":{"name":"(anonymous_55)","line":372,"loc":{"start":{"line":372,"column":64},"end":{"line":372,"column":84}}},"56":{"name":"(anonymous_56)","line":383,"loc":{"start":{"line":383,"column":4},"end":{"line":383,"column":24}}},"57":{"name":"(anonymous_57)","line":389,"loc":{"start":{"line":389,"column":4},"end":{"line":389,"column":24}}},"58":{"name":"(anonymous_58)","line":433,"loc":{"start":{"line":433,"column":4},"end":{"line":433,"column":24}}},"59":{"name":"(anonymous_59)","line":436,"loc":{"start":{"line":436,"column":43},"end":{"line":436,"column":62}}},"60":{"name":"(anonymous_60)","line":439,"loc":{"start":{"line":439,"column":14},"end":{"line":439,"column":32}}},"61":{"name":"(anonymous_61)","line":440,"loc":{"start":{"line":440,"column":110},"end":{"line":440,"column":125}}},"62":{"name":"(anonymous_62)","line":447,"loc":{"start":{"line":447,"column":14},"end":{"line":447,"column":32}}},"63":{"name":"(anonymous_63)","line":448,"loc":{"start":{"line":448,"column":108},"end":{"line":448,"column":123}}},"64":{"name":"(anonymous_64)","line":454,"loc":{"start":{"line":454,"column":14},"end":{"line":454,"column":29}}},"65":{"name":"(anonymous_65)","line":462,"loc":{"start":{"line":462,"column":11},"end":{"line":462,"column":26}}},"66":{"name":"(anonymous_66)","line":476,"loc":{"start":{"line":476,"column":4},"end":{"line":476,"column":24}}},"67":{"name":"(anonymous_67)","line":480,"loc":{"start":{"line":480,"column":4},"end":{"line":480,"column":19}}},"68":{"name":"(anonymous_68)","line":491,"loc":{"start":{"line":491,"column":35},"end":{"line":491,"column":47}}},"69":{"name":"(anonymous_69)","line":498,"loc":{"start":{"line":498,"column":24},"end":{"line":498,"column":39}}},"70":{"name":"(anonymous_70)","line":513,"loc":{"start":{"line":513,"column":44},"end":{"line":513,"column":71}}},"71":{"name":"(anonymous_71)","line":525,"loc":{"start":{"line":525,"column":27},"end":{"line":525,"column":42}}},"72":{"name":"(anonymous_72)","line":531,"loc":{"start":{"line":531,"column":54},"end":{"line":531,"column":77}}},"73":{"name":"autoCommit","line":535,"loc":{"start":{"line":535,"column":0},"end":{"line":535,"column":32}}},"74":{"name":"(anonymous_74)","line":548,"loc":{"start":{"line":548,"column":13},"end":{"line":548,"column":25}}},"75":{"name":"(anonymous_75)","line":552,"loc":{"start":{"line":552,"column":42},"end":{"line":552,"column":55}}},"76":{"name":"(anonymous_76)","line":562,"loc":{"start":{"line":562,"column":36},"end":{"line":562,"column":48}}},"77":{"name":"(anonymous_77)","line":570,"loc":{"start":{"line":570,"column":42},"end":{"line":570,"column":66}}},"78":{"name":"(anonymous_78)","line":575,"loc":{"start":{"line":575,"column":44},"end":{"line":575,"column":68}}},"79":{"name":"(anonymous_79)","line":586,"loc":{"start":{"line":586,"column":47},"end":{"line":586,"column":61}}},"80":{"name":"(anonymous_80)","line":589,"loc":{"start":{"line":589,"column":67},"end":{"line":589,"column":82}}},"81":{"name":"(anonymous_81)","line":592,"loc":{"start":{"line":592,"column":43},"end":{"line":592,"column":72}}},"82":{"name":"(anonymous_82)","line":598,"loc":{"start":{"line":598,"column":19},"end":{"line":598,"column":36}}},"83":{"name":"(anonymous_83)","line":605,"loc":{"start":{"line":605,"column":40},"end":{"line":605,"column":62}}},"84":{"name":"(anonymous_84)","line":608,"loc":{"start":{"line":608,"column":15},"end":{"line":608,"column":27}}},"85":{"name":"(anonymous_85)","line":615,"loc":{"start":{"line":615,"column":4},"end":{"line":615,"column":26}}},"86":{"name":"(anonymous_86)","line":620,"loc":{"start":{"line":620,"column":33},"end":{"line":620,"column":57}}},"87":{"name":"(anonymous_87)","line":622,"loc":{"start":{"line":622,"column":25},"end":{"line":622,"column":38}}},"88":{"name":"(anonymous_88)","line":635,"loc":{"start":{"line":635,"column":43},"end":{"line":635,"column":65}}},"89":{"name":"(anonymous_89)","line":637,"loc":{"start":{"line":637,"column":39},"end":{"line":637,"column":52}}},"90":{"name":"(anonymous_90)","line":644,"loc":{"start":{"line":644,"column":41},"end":{"line":644,"column":55}}},"91":{"name":"(anonymous_91)","line":647,"loc":{"start":{"line":647,"column":4},"end":{"line":647,"column":24}}},"92":{"name":"(anonymous_92)","line":654,"loc":{"start":{"line":654,"column":4},"end":{"line":654,"column":24}}},"93":{"name":"(anonymous_93)","line":660,"loc":{"start":{"line":660,"column":36},"end":{"line":660,"column":57}}},"94":{"name":"(anonymous_94)","line":672,"loc":{"start":{"line":672,"column":4},"end":{"line":672,"column":24}}},"95":{"name":"(anonymous_95)","line":675,"loc":{"start":{"line":675,"column":4},"end":{"line":675,"column":24}}},"96":{"name":"(anonymous_96)","line":678,"loc":{"start":{"line":678,"column":10},"end":{"line":678,"column":30}}},"97":{"name":"(anonymous_97)","line":681,"loc":{"start":{"line":681,"column":10},"end":{"line":681,"column":30}}},"98":{"name":"(anonymous_98)","line":692,"loc":{"start":{"line":692,"column":35},"end":{"line":692,"column":49}}},"99":{"name":"(anonymous_99)","line":694,"loc":{"start":{"line":694,"column":20},"end":{"line":694,"column":35}}},"100":{"name":"(anonymous_100)","line":699,"loc":{"start":{"line":699,"column":40},"end":{"line":699,"column":76}}},"101":{"name":"(anonymous_101)","line":700,"loc":{"start":{"line":700,"column":27},"end":{"line":700,"column":40}}},"102":{"name":"(anonymous_102)","line":709,"loc":{"start":{"line":709,"column":36},"end":{"line":709,"column":48}}},"103":{"name":"(anonymous_103)","line":713,"loc":{"start":{"line":713,"column":37},"end":{"line":713,"column":49}}}},"statementMap":{"1":{"start":{"line":3,"column":0},"end":{"line":3,"column":27}},"2":{"start":{"line":4,"column":0},"end":{"line":4,"column":26}},"3":{"start":{"line":5,"column":0},"end":{"line":5,"column":31}},"4":{"start":{"line":6,"column":0},"end":{"line":6,"column":27}},"5":{"start":{"line":7,"column":0},"end":{"line":7,"column":29}},"6":{"start":{"line":8,"column":0},"end":{"line":8,"column":33}},"7":{"start":{"line":9,"column":0},"end":{"line":9,"column":29}},"8":{"start":{"line":10,"column":0},"end":{"line":10,"column":66}},"9":{"start":{"line":11,"column":0},"end":{"line":11,"column":55}},"10":{"start":{"line":13,"column":0},"end":{"line":33,"column":2}},"11":{"start":{"line":35,"column":0},"end":{"line":58,"column":2}},"12":{"start":{"line":36,"column":2},"end":{"line":38,"column":3}},"13":{"start":{"line":37,"column":4},"end":{"line":37,"column":42}},"14":{"start":{"line":39,"column":2},"end":{"line":39,"column":22}},"15":{"start":{"line":40,"column":2},"end":{"line":40,"column":23}},"16":{"start":{"line":41,"column":2},"end":{"line":41,"column":55}},"17":{"start":{"line":42,"column":2},"end":{"line":42,"column":27}},"18":{"start":{"line":43,"column":2},"end":{"line":43,"column":21}},"19":{"start":{"line":44,"column":2},"end":{"line":44,"column":23}},"20":{"start":{"line":45,"column":2},"end":{"line":45,"column":36}},"21":{"start":{"line":46,"column":2},"end":{"line":46,"column":27}},"22":{"start":{"line":47,"column":2},"end":{"line":47,"column":29}},"23":{"start":{"line":48,"column":2},"end":{"line":48,"column":26}},"24":{"start":{"line":49,"column":2},"end":{"line":49,"column":28}},"25":{"start":{"line":50,"column":2},"end":{"line":50,"column":70}},"26":{"start":{"line":51,"column":2},"end":{"line":51,"column":45}},"27":{"start":{"line":52,"column":2},"end":{"line":52,"column":55}},"28":{"start":{"line":53,"column":2},"end":{"line":53,"column":17}},"29":{"start":{"line":55,"column":2},"end":{"line":57,"column":3}},"30":{"start":{"line":56,"column":4},"end":{"line":56,"column":60}},"31":{"start":{"line":59,"column":0},"end":{"line":59,"column":54}},"32":{"start":{"line":61,"column":0},"end":{"line":71,"column":2}},"33":{"start":{"line":62,"column":2},"end":{"line":62,"column":18}},"34":{"start":{"line":63,"column":2},"end":{"line":70,"column":5}},"35":{"start":{"line":64,"column":4},"end":{"line":64,"column":48}},"36":{"start":{"line":64,"column":31},"end":{"line":64,"column":48}},"37":{"start":{"line":65,"column":4},"end":{"line":65,"column":35}},"38":{"start":{"line":66,"column":4},"end":{"line":66,"column":29}},"39":{"start":{"line":67,"column":4},"end":{"line":67,"column":44}},"40":{"start":{"line":68,"column":4},"end":{"line":68,"column":21}},"41":{"start":{"line":69,"column":4},"end":{"line":69,"column":13}},"42":{"start":{"line":74,"column":0},"end":{"line":79,"column":2}},"43":{"start":{"line":75,"column":2},"end":{"line":78,"column":5}},"44":{"start":{"line":76,"column":4},"end":{"line":76,"column":31}},"45":{"start":{"line":77,"column":4},"end":{"line":77,"column":13}},"46":{"start":{"line":82,"column":0},"end":{"line":85,"column":2}},"47":{"start":{"line":83,"column":2},"end":{"line":83,"column":51}},"48":{"start":{"line":83,"column":25},"end":{"line":83,"column":51}},"49":{"start":{"line":84,"column":2},"end":{"line":84,"column":14}},"50":{"start":{"line":87,"column":0},"end":{"line":319,"column":2}},"51":{"start":{"line":88,"column":2},"end":{"line":88,"column":18}},"52":{"start":{"line":90,"column":2},"end":{"line":92,"column":3}},"53":{"start":{"line":91,"column":4},"end":{"line":91,"column":16}},"54":{"start":{"line":94,"column":2},"end":{"line":108,"column":5}},"55":{"start":{"line":95,"column":4},"end":{"line":95,"column":39}},"56":{"start":{"line":95,"column":27},"end":{"line":95,"column":39}},"57":{"start":{"line":98,"column":4},"end":{"line":100,"column":7}},"58":{"start":{"line":99,"column":6},"end":{"line":99,"column":21}},"59":{"start":{"line":102,"column":4},"end":{"line":107,"column":7}},"60":{"start":{"line":103,"column":6},"end":{"line":105,"column":7}},"61":{"start":{"line":104,"column":8},"end":{"line":104,"column":39}},"62":{"start":{"line":106,"column":6},"end":{"line":106,"column":30}},"63":{"start":{"line":110,"column":2},"end":{"line":124,"column":3}},"64":{"start":{"line":111,"column":4},"end":{"line":123,"column":17}},"65":{"start":{"line":112,"column":6},"end":{"line":122,"column":7}},"66":{"start":{"line":113,"column":8},"end":{"line":119,"column":11}},"67":{"start":{"line":114,"column":10},"end":{"line":118,"column":11}},"68":{"start":{"line":115,"column":12},"end":{"line":115,"column":21}},"69":{"start":{"line":117,"column":12},"end":{"line":117,"column":18}},"70":{"start":{"line":121,"column":8},"end":{"line":121,"column":14}},"71":{"start":{"line":127,"column":2},"end":{"line":149,"column":12}},"72":{"start":{"line":128,"column":4},"end":{"line":148,"column":5}},"73":{"start":{"line":129,"column":6},"end":{"line":147,"column":9}},"74":{"start":{"line":132,"column":10},"end":{"line":141,"column":13}},"75":{"start":{"line":133,"column":12},"end":{"line":135,"column":13}},"76":{"start":{"line":134,"column":14},"end":{"line":134,"column":37}},"77":{"start":{"line":136,"column":12},"end":{"line":140,"column":13}},"78":{"start":{"line":137,"column":14},"end":{"line":137,"column":25}},"79":{"start":{"line":139,"column":14},"end":{"line":139,"column":123}},"80":{"start":{"line":144,"column":8},"end":{"line":146,"column":9}},"81":{"start":{"line":145,"column":10},"end":{"line":145,"column":96}},"82":{"start":{"line":151,"column":2},"end":{"line":162,"column":3}},"83":{"start":{"line":152,"column":4},"end":{"line":161,"column":7}},"84":{"start":{"line":153,"column":6},"end":{"line":155,"column":7}},"85":{"start":{"line":154,"column":8},"end":{"line":154,"column":23}},"86":{"start":{"line":157,"column":6},"end":{"line":157,"column":24}},"87":{"start":{"line":158,"column":6},"end":{"line":158,"column":39}},"88":{"start":{"line":160,"column":6},"end":{"line":160,"column":18}},"89":{"start":{"line":164,"column":2},"end":{"line":215,"column":3}},"90":{"start":{"line":165,"column":4},"end":{"line":165,"column":103}},"91":{"start":{"line":166,"column":4},"end":{"line":214,"column":5}},"92":{"start":{"line":167,"column":6},"end":{"line":167,"column":19}},"93":{"start":{"line":169,"column":6},"end":{"line":169,"column":31}},"94":{"start":{"line":171,"column":6},"end":{"line":171,"column":30}},"95":{"start":{"line":172,"column":6},"end":{"line":172,"column":112}},"96":{"start":{"line":173,"column":6},"end":{"line":173,"column":48}},"97":{"start":{"line":174,"column":6},"end":{"line":174,"column":67}},"98":{"start":{"line":176,"column":6},"end":{"line":213,"column":9}},"99":{"start":{"line":177,"column":8},"end":{"line":212,"column":11}},"100":{"start":{"line":178,"column":10},"end":{"line":180,"column":11}},"101":{"start":{"line":179,"column":12},"end":{"line":179,"column":19}},"102":{"start":{"line":181,"column":10},"end":{"line":211,"column":11}},"103":{"start":{"line":182,"column":12},"end":{"line":182,"column":37}},"104":{"start":{"line":183,"column":12},"end":{"line":183,"column":115}},"105":{"start":{"line":185,"column":12},"end":{"line":187,"column":15}},"106":{"start":{"line":186,"column":14},"end":{"line":186,"column":29}},"107":{"start":{"line":188,"column":12},"end":{"line":210,"column":15}},"108":{"start":{"line":189,"column":14},"end":{"line":189,"column":25}},"109":{"start":{"line":190,"column":14},"end":{"line":194,"column":15}},"110":{"start":{"line":191,"column":16},"end":{"line":191,"column":41}},"111":{"start":{"line":192,"column":16},"end":{"line":192,"column":40}},"112":{"start":{"line":193,"column":16},"end":{"line":193,"column":23}},"113":{"start":{"line":196,"column":14},"end":{"line":209,"column":15}},"114":{"start":{"line":197,"column":16},"end":{"line":205,"column":19}},"115":{"start":{"line":198,"column":18},"end":{"line":198,"column":43}},"116":{"start":{"line":199,"column":18},"end":{"line":202,"column":19}},"117":{"start":{"line":200,"column":20},"end":{"line":200,"column":95}},"118":{"start":{"line":201,"column":20},"end":{"line":201,"column":27}},"119":{"start":{"line":203,"column":18},"end":{"line":203,"column":31}},"120":{"start":{"line":204,"column":18},"end":{"line":204,"column":42}},"121":{"start":{"line":207,"column":16},"end":{"line":207,"column":41}},"122":{"start":{"line":208,"column":16},"end":{"line":208,"column":40}},"123":{"start":{"line":218,"column":2},"end":{"line":218,"column":35}},"124":{"start":{"line":220,"column":2},"end":{"line":225,"column":3}},"125":{"start":{"line":221,"column":4},"end":{"line":221,"column":53}},"126":{"start":{"line":222,"column":4},"end":{"line":222,"column":59}},"127":{"start":{"line":223,"column":4},"end":{"line":223,"column":60}},"128":{"start":{"line":224,"column":4},"end":{"line":224,"column":54}},"129":{"start":{"line":227,"column":2},"end":{"line":232,"column":3}},"130":{"start":{"line":228,"column":4},"end":{"line":228,"column":55}},"131":{"start":{"line":229,"column":4},"end":{"line":229,"column":71}},"132":{"start":{"line":230,"column":4},"end":{"line":230,"column":72}},"133":{"start":{"line":231,"column":4},"end":{"line":231,"column":66}},"134":{"start":{"line":234,"column":2},"end":{"line":239,"column":3}},"135":{"start":{"line":235,"column":4},"end":{"line":238,"column":5}},"136":{"start":{"line":236,"column":6},"end":{"line":236,"column":31}},"137":{"start":{"line":237,"column":6},"end":{"line":237,"column":87}},"138":{"start":{"line":241,"column":2},"end":{"line":245,"column":3}},"139":{"start":{"line":242,"column":4},"end":{"line":244,"column":7}},"140":{"start":{"line":243,"column":6},"end":{"line":243,"column":30}},"141":{"start":{"line":247,"column":2},"end":{"line":247,"column":33}},"142":{"start":{"line":249,"column":2},"end":{"line":263,"column":5}},"143":{"start":{"line":250,"column":4},"end":{"line":250,"column":56}},"144":{"start":{"line":251,"column":4},"end":{"line":251,"column":35}},"145":{"start":{"line":254,"column":4},"end":{"line":262,"column":7}},"146":{"start":{"line":256,"column":6},"end":{"line":261,"column":9}},"147":{"start":{"line":257,"column":8},"end":{"line":259,"column":9}},"148":{"start":{"line":258,"column":10},"end":{"line":258,"column":131}},"149":{"start":{"line":260,"column":8},"end":{"line":260,"column":32}},"150":{"start":{"line":265,"column":2},"end":{"line":274,"column":5}},"151":{"start":{"line":266,"column":4},"end":{"line":266,"column":33}},"152":{"start":{"line":267,"column":4},"end":{"line":273,"column":5}},"153":{"start":{"line":268,"column":6},"end":{"line":268,"column":108}},"154":{"start":{"line":269,"column":6},"end":{"line":272,"column":14}},"155":{"start":{"line":270,"column":8},"end":{"line":270,"column":64}},"156":{"start":{"line":271,"column":8},"end":{"line":271,"column":20}},"157":{"start":{"line":276,"column":2},"end":{"line":279,"column":5}},"158":{"start":{"line":277,"column":4},"end":{"line":277,"column":31}},"159":{"start":{"line":278,"column":4},"end":{"line":278,"column":31}},"160":{"start":{"line":281,"column":2},"end":{"line":283,"column":5}},"161":{"start":{"line":282,"column":4},"end":{"line":282,"column":28}},"162":{"start":{"line":285,"column":2},"end":{"line":287,"column":5}},"163":{"start":{"line":286,"column":4},"end":{"line":286,"column":17}},"164":{"start":{"line":289,"column":2},"end":{"line":291,"column":5}},"165":{"start":{"line":290,"column":4},"end":{"line":290,"column":26}},"166":{"start":{"line":293,"column":2},"end":{"line":308,"column":5}},"167":{"start":{"line":294,"column":4},"end":{"line":294,"column":17}},"168":{"start":{"line":295,"column":4},"end":{"line":295,"column":47}},"169":{"start":{"line":296,"column":4},"end":{"line":296,"column":25}},"170":{"start":{"line":297,"column":4},"end":{"line":297,"column":28}},"171":{"start":{"line":298,"column":4},"end":{"line":307,"column":7}},"172":{"start":{"line":299,"column":6},"end":{"line":306,"column":7}},"173":{"start":{"line":300,"column":8},"end":{"li
[...]
6":{"line":57,"type":"binary-expr","locations":[{"start":{"line":57,"column":15},"end":{"line":57,"column":23}},{"start":{"line":57,"column":27},"end":{"line":57,"column":28}}]},"7":{"line":68,"type":"if","locations":[{"start":{"line":68,"column":2},"end":{"line":68,"column":2}},{"start":{"line":68,"column":2},"end":{"line":68,"column":2}}]},"8":{"line":72,"type":"if","locations":[{"start":{"line":72,"column":4},"end":{"line":72,"column":4}},{"start":{"line":72,"column":4},"end":{"line":72,"column":4}}]},"9":{"line":91,"type":"if","locations":[{"start":{"line":91,"column":6},"end":{"line":91,"column":6}},{"start":{"line":91,"column":6},"end":{"line":91,"column":6}}]},"10":{"line":105,"type":"if","locations":[{"start":{"line":105,"column":2},"end":{"line":105,"column":2}},{"start":{"line":105,"column":2},"end":{"line":105,"column":2}}]},"11":{"line":113,"type":"if","locations":[{"start":{"line":113,"column":4},"end":{"line":113,"column":4}},{"start":{"line":113,"column":4},"end":{"line":113,"column":4}}]},"12":{"line":117,"type":"if","locations":[{"start":{"line":117,"column":4},"end":{"line":117,"column":4}},{"start":{"line":117,"column":4},"end":{"line":117,"column":4}}]},"13":{"line":122,"type":"if","locations":[{"start":{"line":122,"column":6},"end":{"line":122,"column":6}},{"start":{"line":122,"column":6},"end":{"line":122,"column":6}}]},"14":{"line":139,"type":"if","locations":[{"start":{"line":139,"column":4},"end":{"line":139,"column":4}},{"start":{"line":139,"column":4},"end":{"line":139,"column":4}}]},"15":{"line":139,"type":"binary-expr","locations":[{"start":{"line":139,"column":8},"end":{"line":139,"column":35}},{"start":{"line":139,"column":39},"end":{"line":139,"column":81}}]},"16":{"line":141,"type":"if","locations":[{"start":{"line":141,"column":6},"end":{"line":141,"column":6}},{"start":{"line":141,"column":6},"end":{"line":141,"column":6}}]},"17":{"line":142,"type":"if","locations":[{"start":{"line":142,"column":6},"end":{"line":142,"column":6}},{"start":{"line":142,"column":6},"end":{"line":142,"column":6}}]},"18":{"line":147,"type":"if","locations":[{"start":{"line":147,"column":2},"end":{"line":147,"column":2}},{"start":{"line":147,"column":2},"end":{"line":147,"column":2}}]},"19":{"line":147,"type":"binary-expr","locations":[{"start":{"line":147,"column":6},"end":{"line":147,"column":29}},{"start":{"line":147,"column":33},"end":{"line":147,"column":41}}]},"20":{"line":149,"type":"binary-expr","locations":[{"start":{"line":149,"column":6},"end":{"line":149,"column":9}},{"start":{"line":149,"column":13},"end":{"line":149,"column":52}}]},"21":{"line":155,"type":"if","locations":[{"start":{"line":155,"column":2},"end":{"line":155,"column":2}},{"start":{"line":155,"column":2},"end":{"line":155,"column":2}}]},"22":{"line":160,"type":"if","locations":[{"start":{"line":160,"column":2},"end":{"line":160,"column":2}},{"start":{"line":160,"column":2},"end":{"line":160,"column":2}}]},"23":{"line":160,"type":"binary-expr","locations":[{"start":{"line":160,"column":6},"end":{"line":160,"column":21}},{"start":{"line":160,"column":25},"end":{"line":160,"column":31}}]},"24":{"line":168,"type":"if","locations":[{"start":{"line":168,"column":2},"end":{"line":168,"column":2}},{"start":{"line":168,"column":2},"end":{"line":168,"column":2}}]},"25":{"line":171,"type":"if","locations":[{"start":{"line":171,"column":2},"end":{"line":171,"column":2}},{"start":{"line":171,"column":2},"end":{"line":171,"column":2}}]},"26":{"line":180,"type":"if","locations":[{"start":{"line":180,"column":2},"end":{"line":180,"column":2}},{"start":{"line":180,"column":2},"end":{"line":180,"column":2}}]},"27":{"line":180,"type":"binary-expr","locations":[{"start":{"line":180,"column":6},"end":{"line":180,"column":17}},{"start":{"line":180,"column":21},"end":{"line":180,"column":32}}]},"28":{"line":191,"type":"if","locations":[{"start":{"line":191,"column":2},"end":{"line":191,"column":2}},{"start":{"line":191,"column":2},"end":{"line":191,"column":2}}]},"29":{"line":203,"type":"if","locations":[{"start":{"line":203,"column":2},"end":{"line":203,"column":2}},{"start":{"line":203,"column":2},"end":{"line":203,"column":2}}]},"30":{"line":210,"type":"if","locations":[{"start":{"line":210,"column":6},"end":{"line":210,"column":6}},{"start":{"line":210,"column":6},"end":{"line":210,"column":6}}]},"31":{"line":210,"type":"binary-expr","locations":[{"start":{"line":210,"column":22},"end":{"line":210,"column":24}},{"start":{"line":210,"column":28},"end":{"line":210,"column":42}}]},"32":{"line":215,"type":"if","locations":[{"start":{"line":215,"column":6},"end":{"line":215,"column":6}},{"start":{"line":215,"column":6},"end":{"line":215,"column":6}}]},"33":{"line":219,"type":"if","locations":[{"start":{"line":219,"column":8},"end":{"line":219,"column":8}},{"start":{"line":219,"column":8},"end":{"line":219,"column":8}}]},"34":{"line":220,"type":"binary-expr","locations":[{"start":{"line":220,"column":8},"end":{"line":220,"column":10}},{"start":{"line":220,"column":14},"end":{"line":220,"column":29}}]},"35":{"line":226,"type":"if","locations":[{"start":{"line":226,"column":8},"end":{"line":226,"column":8}},{"start":{"line":226,"column":8},"end":{"line":226,"column":8}}]},"36":{"line":229,"type":"if","locations":[{"start":{"line":229,"column":10},"end":{"line":229,"column":10}},{"start":{"line":229,"column":10},"end":{"line":229,"column":10}}]},"37":{"line":233,"type":"if","locations":[{"start":{"line":233,"column":8},"end":{"line":233,"column":8}},{"start":{"line":233,"column":8},"end":{"line":233,"column":8}}]},"38":{"line":234,"type":"binary-expr","locations":[{"start":{"line":234,"column":8},"end":{"line":234,"column":10}},{"start":{"line":234,"column":14},"end":{"line":234,"column":29}}]},"39":{"line":241,"type":"cond-expr","locations":[{"start":{"line":241,"column":40},"end":{"line":241,"column":48}},{"start":{"line":241,"column":51},"end":{"line":241,"column":57}}]},"40":{"line":251,"type":"if","locations":[{"start":{"line":251,"column":2},"end":{"line":251,"column":2}},{"start":{"line":251,"column":2},"end":{"line":251,"column":2}}]},"41":{"line":256,"type":"if","locations":[{"start":{"line":256,"column":2},"end":{"line":256,"column":2}},{"start":{"line":256,"column":2},"end":{"line":256,"column":2}}]},"42":{"line":258,"type":"if","locations":[{"start":{"line":258,"column":6},"end":{"line":258,"column":6}},{"start":{"line":258,"column":6},"end":{"line":258,"column":6}}]},"43":{"line":270,"type":"if","locations":[{"start":{"line":270,"column":4},"end":{"line":270,"column":4}},{"start":{"line":270,"column":4},"end":{"line":270,"column":4}}]},"44":{"line":270,"type":"binary-expr","locations":[{"start":{"line":270,"column":8},"end":{"line":270,"column":25}},{"start":{"line":270,"column":29},"end":{"line":270,"column":53}}]},"45":{"line":288,"type":"if","locations":[{"start":{"line":288,"column":2},"end":{"line":288,"column":2}},{"start":{"line":288,"column":2},"end":{"line":288,"column":2}}]},"46":{"line":293,"type":"if","locations":[{"start":{"line":293,"column":2},"end":{"line":293,"column":2}},{"start":{"line":293,"column":2},"end":{"line":293,"column":2}}]},"47":{"line":296,"type":"binary-expr","locations":[{"start":{"line":296,"column":12},"end":{"line":296,"column":19}},{"start":{"line":296,"column":23},"end":{"line":296,"column":43}}]},"48":{"line":297,"type":"if","locations":[{"start":{"line":297,"column":2},"end":{"line":297,"column":2}},{"start":{"line":297,"column":2},"end":{"line":297,"column":2}}]},"49":{"line":301,"type":"if","locations":[{"start":{"line":301,"column":2},"end":{"line":301,"column":2}},{"start":{"line":301,"column":2},"end":{"line":301,"column":2}}]},"50":{"line":301,"type":"binary-expr","locations":[{"start":{"line":301,"column":6},"end":{"line":301,"column":13}},{"start":{"line":301,"column":17},"end":{"line":301,"column":31}}]},"51":{"line":304,"type":"if","locations":[{"start":{"line":304,"column":4},"end":{"line":304,"column":4}},{"start":{"line":304,"column":4},"end":{"line":304,"column":4}}]},"52":{"line":314,"type":"if","locations":[{"start":{"line":314,"column":6},"end":{"line":314,"column":6}},{"start":{"line":314,"column":6},"end":{"line":314,"column":6}}]},"53":{"line":317,"type":"binary-expr","locations":[{"start":{"line":317,"column":15},"end":{"line":317,"column":38}},{"start":{"line":317,"column":42},"end":{"line":317,"column":73}}]}},"code":["'use strict';","","var util = require('util');","var _ = require('lodash');","var events = require('events');","var logger = require('./logging')('kafka-node:Consumer');","var utils = require('./utils');","","var DEFAULTS = {","  groupId: 'kafka-node-group',","  // Auto commit config","  autoCommit: true,","  autoCommitIntervalMs: 5000,","  // Fetch message config","  fetchMaxWaitMs: 100,","  fetchMinBytes: 1,","  fetchMaxBytes: 1024 * 1024,","  fromOffset: false,","  encoding: 'utf8'","};","","var nextId = (function () {","  var id = 0;","  return function () {","    return id++;","  };","})();","","var Consumer = function (client, topics, options) {","  if (!topics) {","    throw new Error('Must have payloads');","  }","","  utils.validateTopics(topics);","","  this.fetchCount = 0;","  this.client = client;","  this.options = _.defaults((options || {}), DEFAULTS);","  this.ready = false;","  this.paused = this.options.paused;","  this.id = nextId();","  this.payloads = this.buildPayloads(topics);","  this.connect();","  this.encoding = this.options.encoding;","","  if (this.options.groupId) {","    utils.validateConfig('options.groupId', this.options.groupId);","  }","};","util.inherits(Consumer, events.EventEmitter);","","Consumer.prototype.buildPayloads = function (payloads) {","  var self = this;","  return payloads.map(function (p) {","    if (typeof p !== 'object') p = { topic: p };","    p.partition = p.partition || 0;","    p.offset = p.offset || 0;","    p.maxBytes = self.options.fetchMaxBytes;","    p.metadata = 'm'; // metadata can be arbitrary","    return p;","  });","};","","Consumer.prototype.connect = function () {","  var self = this;","  // Client already exists","  this.ready = this.client.ready;","  if (this.ready) this.init();","","  this.client.on('ready', function () {","    logger.debug('consumer ready');","    if (!self.ready) self.init();","    self.ready = true;","  });","","  this.client.on('error', function (err) {","    logger.error('client error %s', err.message);","    self.emit('error', err);","  });","","  this.client.on('close', function () {","    logger.debug('connection closed');","  });","","  this.client.on('brokersChanged', function () {","    var topicNames = self.payloads.map(function (p) {","      return p.topic;","    });","","    this.refreshMetadata(topicNames, function (err) {","      if (err) return self.emit('error', err);","      self.fetch();","    });","  });","  // 'done' will be emit when a message fetch request complete","  this.on('done', function (topics) {","    self.updateOffsets(topics);","    setImmediate(function () {","      self.fetch();","    });","  });","};","","Consumer.prototype.init = function () {","  if (!this.payloads.length) {","    return;","  }","","  var self = this;","  var topics = self.payloads.map(function (p) { return p.topic; });","","  self.client.topicExists(topics, function (err) {","    if (err) {","      return self.emit('error', err);","    }","","    if (self.options.fromOffset) {","      return self.fetch();","    }","","    self.fetchOffset(self.payloads, function (err, topics) {","      if (err) {","        return self.emit('error', err);","      }","","      self.updateOffsets(topics, true);","      self.fetch();","    });","  });","};","","/*"," * Update offset info in current payloads"," * @param {Object} Topic-partition-offset"," * @param {Boolean} Don't commit when initing consumer"," */","Consumer.prototype.updateOffsets = function (topics, initing) {","  this.payloads.forEach(function (p) {","    if (!_.isEmpty(topics[p.topic]) && topics[p.topic][p.partition] !== undefined) {","      var offset = topics[p.topic][p.partition];","      if (offset === -1) offset = 0;","      if (!initing) p.offset = offset + 1;","      else p.offset = offset;","    }","  });","","  if (this.options.autoCommit && !initing) {","    this.autoCommit(false, function (err) {","      err && logger.debug('auto commit offset', err);","    });","  }","};","","function autoCommit (force, cb) {","  if (arguments.length === 1) {","    cb = force;","    force = false;","  }","","  if (this.committing && !force) return cb(null, 'Offset committing');","","  this.committing = true;","  setTimeout(function () {","    this.committing = false;","  }.bind(this), this.options.autoCommitIntervalMs);","","  var payloads = this.payloads;","  if (this.pausedPayloads) payloads = payloads.concat(this.pausedPayloads);","","  var commits = payloads.filter(function (p) { return p.offset !== 0; });","  if (commits.length) {","    this.client.sendOffsetCommitRequest(this.options.groupId, commits, cb);","  } else {","    cb(null, 'Nothing to be committed');","  }","}","Consumer.prototype.commit = Consumer.prototype.autoCommit = autoCommit;","","Consumer.prototype.fetch = function () {","  if (!this.ready || this.paused) return;","  this.client.sendFetchRequest(this, this.payloads, this.options.fetchMaxWaitMs, this.options.fetchMinBytes);","};","","Consumer.prototype.fetchOffset = function (payloads, cb) {","  this.client.sendOffsetFetchRequest(this.options.groupId, payloads, cb);","};","","Consumer.prototype.addTopics = function (topics, cb, fromOffset) {","  fromOffset = !!fromOffset;","  var self = this;","  if (!this.ready) {","    setTimeout(function () {","      self.addTopics(topics, cb, fromOffset);","    }","    , 100);","    return;","  }","","  // The default is that the topics is a string array of topic names","  var topicNames = topics;","","  // If the topics is actually an object and not string we assume it is an array of payloads","  if (typeof topics[0] === 'object') {","    topicNames = topics.map(function (p) { return p.topic; });","  }","","  this.client.addTopics(","    topicNames,","    function (err, added) {","      if (err) return cb && cb(err, added);","","      var payloads = self.buildPayloads(topics);","      var reFetch = !self.payloads.length;","","      if (fromOffset) {","        payloads.forEach(function (p) {","          self.payloads.push(p);","        });","        if (reFetch) self.fetch();","        cb && cb(null, added);","        return;","      }","","      // update offset of topics that will be added","      self.fetchOffset(payloads, function (err, offsets) {","        if (err) return cb(err);","        payloads.forEach(function (p) {","          var offset = offsets[p.topic][p.partition];","          if (offset === -1) offset = 0;","          p.offset = offset;","          self.payloads.push(p);","        });","        if (reFetch) self.fetch();","        cb && cb(null, added);","      });","    }","  );","};","","Consumer.prototype.removeTopics = function (topics, cb) {","  topics = typeof topics === 'string' ? [topics] : topics;","  this.payloads = this.payloads.filter(function (p) {","    return !~topics.indexOf(p.topic);","  });","","  this.client.removeTopicMetadata(topics, cb);","};","","Consumer.prototype.close = function (force, cb) {","  this.ready = false;","  if (typeof force === 'function') {","    cb = force;","    force = false;","  }","","  if (force) {","    this.commit(force, function (err) {","      if (err) {","        return cb(err);","      }","      this.client.close(cb);","    }.bind(this));","  } else {","    this.client.close(cb);","  }","};","","Consumer.prototype.setOffset = function (topic, partition, offset) {","  this.payloads.every(function (p) {","    if (p.topic === topic && p.partition == partition) { // eslint-disable-line eqeqeq","      p.offset = offset;","      return false;","    }","    return true;","  });","};","","Consumer.prototype.pause = function () {","  this.paused = true;","};","","Consumer.prototype.resume = function () {","  this.paused = false;","  this.fetch();","};","","Consumer.prototype.pauseTopics = function (topics) {","  if (!this.pausedPayloads) this.pausedPayloads = [];","  pauseOrResume(this.payloads, this.pausedPayloads, topics);","};","","Consumer.prototype.resumeTopics = function (topics) {","  if (!this.pausedPayloads) this.pausedPayloads = [];","  var reFetch = !this.payloads.length;","  pauseOrResume(this.pausedPayloads, this.payloads, topics);","  reFetch = reFetch && this.payloads.length;","  if (reFetch) this.fetch();","};","","function pauseOrResume (payloads, nextPayloads, topics) {","  if (!topics || !topics.length) return;","","  for (var i = 0, j = 0, l = payloads.length; j < l; i++, j++) {","    if (isInTopics(payloads[i])) {","      nextPayloads.push(","        payloads.splice(i, 1)[0]","      );","      i--;","    }","  }","","  function isInTopics (p) {","    return topics.some(function (topic) {","      if (typeof topic === 'string') {","        return p.topic === topic;","      } else {","        return p.topic === topic.topic && p.partition === topic.partition;","      }","    });","  }","}","","module.exports = Consumer;",""],"l":{"3":1,"4":1,"5":1,"6":1,"7":1,"9":1,"22":1,"23":1,"24":1,"25":0,"29":1,"30":0,"31":0,"34":0,"36":0,"37":0,"38":0,"39":0,"40":0,"41":0,"42":0,"43":0,"44":0,"46":0,"47":0,"50":1,"52":1,"53":0,"54":0,"55":0,"56":0,"57":0,"58":0,"59":0,"60":0,"64":1,"65":0,"67":0,"68":0,"70":0,"71":0,"72":0,"73":0,"76":0,"77":0,"78":0,"81":0,"82":0,"85":0,"86":0,"87":0,"90":0,"91":0,"92":0,"96":0,"97":0,"98":0,"99":0,"104":1,"105":0,"106":0,"109":0,"110":0,"112":0,"113":0,"114":0,"117":0,"118":0,"121":0,"122":0,"123":0,"126":0,"127":0,"137":1,"138":0,"139":0,"140":0,"141":0,"142":0,"143":0,"147":0,"148":0,"149":0,"154":1,"155":0,"156":0,"157":0,"160":0,"162":0,"163":0,"164":0,"167":0,"168":0,"170":0,"171":0,"172":0,"174":0,"177":1,"179":1,"180":0,"181":0,"184":1,"185":0,"188":1,"189":0,"190":0,"191":0,"192":0,"193":0,"196":0,"200":0,"203":0,"204":0,"207":0,"210":0,"212":0,"213":0,"215":0,"216":0,"217":0,"219":0,"220":0,"221":0,"225":0,"226":0,"227":0,"228":0,"229":0,"230":0,"231":0,"233":0,"234":0,"240":1,"241":0,"242":0,"243":0,"246":0,"249":1,"250":0,"251":0,"252":0,"253":0,"256":0,"257":0,"258":0,"259":0,"261":0,"264":0,"268":1,"269":0,"270":0,"271":0,"272":0,"274":0,"278":1,"279":0,"282":1,"283":0,"284":0,"287":1,"288":0,"289":0,"292":1,"293":0,"294":0,"295":0,"296":0,"297":0,"300":1,"301":0,"303":0,"304":0,"305":0,"308":0,"312":1,"313":0,"314":0,"315":0,"317":0,"323":1}},"/home/travis/build/npmtest/node-npmtest-kafka-node/kafka-node/lib/producer.js":{"path":"/home/travis/build/npmtest/node-npmtest-kafka-node/kafka-node/lib/producer.js","s":{"1":1,"2":1,"3":1,"4":0,"5":1,"6":1,"7":1},"b":{},"f":{"1":0},"fnMap":{"1":{"name":"Producer","line":7,"loc":{"start":{"line":7,"column":0},"end":{"line":7,"column":55}}}},"statementMap":{"1":{"start":{"line":3,"column":0},"end":{"line":3,"column":27}},"2":{"start":{"line":4,"column":0},"end":{"line":4,"column":45}},"3":{"start":{"line":7,"column":0},"end":{"line":9,"column":1}},"4":{"start":{"line":8,"column":2},"end":{"line":8,"column":102}},"5":{"start":{"line":11,"column":0},"end":{"line":11,"column":38}},"6":{"start":{"line":13,"column":0},"end":{"line":13,"column":60}},"7":{"start":{"line":15,"column":0},"end":{"line":15,"column":26}}},"branchMap":{},"code":["'use strict';","","var util = require('util');","var BaseProducer = require('./baseProducer');","","/** @inheritdoc */","function Producer (client, options, customPartitioner) {","  BaseProducer.call(this, client, options, BaseProducer.PARTITIONER_TYPES.default, customPartitioner);","}","","util.inherits(Producer, BaseProducer);","","Producer.PARTITIONER_TYPES = BaseProducer.PARTITIONER_TYPES;","","module.exports = Producer;",""],"l":{"3":1,"4":1,"7":1,"8":0,"11":1,"13":1,"15":1}}}